2020-02-12 00:01:51,870 INFO  com.primeeme.restapi.RestapiauthApplication(55) : Starting RestapiauthApplication on xkongs-iMac.local with PID 5750 (/Users/xkong/Desktop/EME_Rest_API_auth/restapi/target/classes started by xkong in /Users/xkong/Desktop/EME_Rest_API_auth)
2020-02-12 00:01:51,873 INFO  com.primeeme.restapi.RestapiauthApplication(655) : The following profiles are active: dev
2020-02-12 00:01:51,959 INFO  o.s.b.d.e.DevToolsPropertyDefaultsPostProcessor(225) : Devtools property defaults active! Set 'spring.devtools.add-properties' to 'false' to disable
2020-02-12 00:01:52,920 INFO  c.a.d.s.b.a.DruidDataSourceAutoConfigure(56) : Init DruidDataSource
2020-02-12 00:01:55,573 INFO  com.alibaba.druid.pool.DruidDataSource(930) : {dataSource-1} inited
2020-02-12 00:01:55,849 INFO  o.s.b.d.a.OptionalLiveReloadServer(58) : LiveReload server is running on port 35729
2020-02-12 00:01:55,885 INFO  com.primeeme.restapi.RestapiauthApplication(61) : Started RestapiauthApplication in 4.853 seconds (JVM running for 5.62)
2020-02-12 00:01:55,913 INFO  com.alibaba.druid.pool.DruidDataSource(1825) : {dataSource-1} closed
2020-02-12 00:09:56,406 INFO  com.primeeme.restapi.RestapiauthApplication(55) : Starting RestapiauthApplication on xkongs-iMac.local with PID 5775 (/Users/xkong/Desktop/EME_Rest_API_auth/restapi/target/classes started by xkong in /Users/xkong/Desktop/EME_Rest_API_auth)
2020-02-12 00:09:56,409 INFO  com.primeeme.restapi.RestapiauthApplication(655) : The following profiles are active: dev
2020-02-12 00:09:56,478 INFO  o.s.b.d.e.DevToolsPropertyDefaultsPostProcessor(225) : Devtools property defaults active! Set 'spring.devtools.add-properties' to 'false' to disable
2020-02-12 00:09:57,486 INFO  c.a.d.s.b.a.DruidDataSourceAutoConfigure(56) : Init DruidDataSource
2020-02-12 00:10:00,831 INFO  com.alibaba.druid.pool.DruidDataSource(930) : {dataSource-1} inited
2020-02-12 00:10:01,068 INFO  o.s.b.d.a.OptionalLiveReloadServer(58) : LiveReload server is running on port 35729
2020-02-12 00:10:01,106 INFO  com.primeeme.restapi.RestapiauthApplication(61) : Started RestapiauthApplication in 5.571 seconds (JVM running for 6.422)
2020-02-12 00:10:01,125 INFO  com.alibaba.druid.pool.DruidDataSource(1825) : {dataSource-1} closed
2020-02-12 00:20:26,131 INFO  com.primeeme.restapi.RestapiauthApplication(55) : Starting RestapiauthApplication on xkongs-iMac.local with PID 5885 (/Users/xkong/Desktop/EME_Rest_API_auth/restapi/target/classes started by xkong in /Users/xkong/Desktop/EME_Rest_API_auth)
2020-02-12 00:20:26,149 INFO  com.primeeme.restapi.RestapiauthApplication(655) : The following profiles are active: dev
2020-02-12 00:20:26,218 INFO  o.s.b.d.e.DevToolsPropertyDefaultsPostProcessor(225) : Devtools property defaults active! Set 'spring.devtools.add-properties' to 'false' to disable
2020-02-12 00:20:27,092 INFO  c.a.d.s.b.a.DruidDataSourceAutoConfigure(56) : Init DruidDataSource
2020-02-12 00:20:29,346 INFO  com.alibaba.druid.pool.DruidDataSource(930) : {dataSource-1} inited
2020-02-12 00:20:29,518 INFO  o.s.b.d.a.OptionalLiveReloadServer(58) : LiveReload server is running on port 35729
2020-02-12 00:20:29,548 INFO  com.primeeme.restapi.RestapiauthApplication(61) : Started RestapiauthApplication in 4.052 seconds (JVM running for 4.603)
2020-02-12 00:20:29,573 INFO  com.alibaba.druid.pool.DruidDataSource(1825) : {dataSource-1} closed
2020-02-12 00:29:56,896 INFO  com.primeeme.restapi.RestapiauthApplication(55) : Starting RestapiauthApplication on xkongs-iMac.local with PID 5975 (/Users/xkong/Desktop/EME_Rest_API_auth/restapi/target/classes started by xkong in /Users/xkong/Desktop/EME_Rest_API_auth)
2020-02-12 00:29:56,899 INFO  com.primeeme.restapi.RestapiauthApplication(655) : The following profiles are active: dev
2020-02-12 00:29:56,962 INFO  o.s.b.d.e.DevToolsPropertyDefaultsPostProcessor(225) : Devtools property defaults active! Set 'spring.devtools.add-properties' to 'false' to disable
2020-02-12 00:29:57,780 INFO  c.a.d.s.b.a.DruidDataSourceAutoConfigure(56) : Init DruidDataSource
2020-02-12 00:30:01,133 INFO  com.alibaba.druid.pool.DruidDataSource(930) : {dataSource-1} inited
2020-02-12 00:30:01,314 INFO  o.s.b.d.a.OptionalLiveReloadServer(58) : LiveReload server is running on port 35729
2020-02-12 00:30:01,365 INFO  com.primeeme.restapi.RestapiauthApplication(61) : Started RestapiauthApplication in 5.127 seconds (JVM running for 5.73)
2020-02-12 00:30:01,378 INFO  com.alibaba.druid.pool.DruidDataSource(1825) : {dataSource-1} closed
2020-02-12 00:30:50,156 INFO  com.primeeme.restapi.RestapiauthApplication(55) : Starting RestapiauthApplication on xkongs-iMac.local with PID 5999 (/Users/xkong/Desktop/EME_Rest_API_auth/restapi/target/classes started by xkong in /Users/xkong/Desktop/EME_Rest_API_auth)
2020-02-12 00:30:50,164 INFO  com.primeeme.restapi.RestapiauthApplication(655) : The following profiles are active: dev
2020-02-12 00:30:50,233 INFO  o.s.b.d.e.DevToolsPropertyDefaultsPostProcessor(225) : Devtools property defaults active! Set 'spring.devtools.add-properties' to 'false' to disable
2020-02-12 00:30:51,087 INFO  c.a.d.s.b.a.DruidDataSourceAutoConfigure(56) : Init DruidDataSource
2020-02-12 00:30:53,451 INFO  com.alibaba.druid.pool.DruidDataSource(930) : {dataSource-1} inited
2020-02-12 00:30:53,631 INFO  o.s.b.d.a.OptionalLiveReloadServer(58) : LiveReload server is running on port 35729
2020-02-12 00:30:53,664 INFO  com.primeeme.restapi.RestapiauthApplication(61) : Started RestapiauthApplication in 4.114 seconds (JVM running for 4.692)
2020-02-12 00:30:53,677 INFO  com.alibaba.druid.pool.DruidDataSource(1825) : {dataSource-1} closed
2020-02-12 01:01:11,490 INFO  com.primeeme.restapi.RestapiauthApplication(55) : Starting RestapiauthApplication on xkongs-iMac.local with PID 6151 (/Users/xkong/Desktop/EME_Rest_API_auth/restapi/target/classes started by xkong in /Users/xkong/Desktop/EME_Rest_API_auth)
2020-02-12 01:01:11,498 INFO  com.primeeme.restapi.RestapiauthApplication(655) : The following profiles are active: dev
2020-02-12 01:01:11,583 INFO  o.s.b.d.e.DevToolsPropertyDefaultsPostProcessor(225) : Devtools property defaults active! Set 'spring.devtools.add-properties' to 'false' to disable
2020-02-12 01:01:12,588 INFO  c.a.d.s.b.a.DruidDataSourceAutoConfigure(56) : Init DruidDataSource
2020-02-12 01:01:15,120 INFO  com.alibaba.druid.pool.DruidDataSource(930) : {dataSource-1} inited
2020-02-12 01:01:15,313 INFO  o.s.b.d.a.OptionalLiveReloadServer(58) : LiveReload server is running on port 35729
2020-02-12 01:01:15,346 INFO  com.primeeme.restapi.RestapiauthApplication(61) : Started RestapiauthApplication in 4.546 seconds (JVM running for 5.215)
2020-02-12 01:01:15,359 INFO  com.alibaba.druid.pool.DruidDataSource(1825) : {dataSource-1} closed
2020-02-12 01:01:28,890 INFO  com.primeeme.restapi.RestapiauthApplication(55) : Starting RestapiauthApplication on xkongs-iMac.local with PID 6158 (/Users/xkong/Desktop/EME_Rest_API_auth/restapi/target/classes started by xkong in /Users/xkong/Desktop/EME_Rest_API_auth)
2020-02-12 01:01:28,894 INFO  com.primeeme.restapi.RestapiauthApplication(655) : The following profiles are active: dev
2020-02-12 01:01:29,023 INFO  o.s.b.d.e.DevToolsPropertyDefaultsPostProcessor(225) : Devtools property defaults active! Set 'spring.devtools.add-properties' to 'false' to disable
2020-02-12 01:01:29,961 INFO  c.a.d.s.b.a.DruidDataSourceAutoConfigure(56) : Init DruidDataSource
2020-02-12 01:01:32,702 INFO  com.alibaba.druid.pool.DruidDataSource(930) : {dataSource-1} inited
2020-02-12 01:01:32,879 INFO  o.s.b.d.a.OptionalLiveReloadServer(58) : LiveReload server is running on port 35729
2020-02-12 01:01:32,912 INFO  com.primeeme.restapi.RestapiauthApplication(61) : Started RestapiauthApplication in 4.708 seconds (JVM running for 5.332)
2020-02-12 01:01:32,926 INFO  com.alibaba.druid.pool.DruidDataSource(1825) : {dataSource-1} closed
2020-02-12 01:08:08,717 INFO  com.primeeme.restapi.RestapiauthApplication(55) : Starting RestapiauthApplication on xkongs-iMac.local with PID 6219 (/Users/xkong/Desktop/EME_Rest_API_auth/restapi/target/classes started by xkong in /Users/xkong/Desktop/EME_Rest_API_auth)
2020-02-12 01:08:08,734 INFO  com.primeeme.restapi.RestapiauthApplication(655) : The following profiles are active: dev
2020-02-12 01:08:08,798 INFO  o.s.b.d.e.DevToolsPropertyDefaultsPostProcessor(225) : Devtools property defaults active! Set 'spring.devtools.add-properties' to 'false' to disable
2020-02-12 01:08:09,649 INFO  c.a.d.s.b.a.DruidDataSourceAutoConfigure(56) : Init DruidDataSource
2020-02-12 01:08:09,944 INFO  com.alibaba.druid.pool.DruidDataSource(930) : {dataSource-1} inited
2020-02-12 01:08:10,170 INFO  o.s.b.d.a.OptionalLiveReloadServer(58) : LiveReload server is running on port 35729
2020-02-12 01:08:10,209 INFO  com.primeeme.restapi.RestapiauthApplication(61) : Started RestapiauthApplication in 2.144 seconds (JVM running for 2.869)
2020-02-12 01:08:10,216 INFO  com.alibaba.druid.pool.DruidDataSource(1825) : {dataSource-1} closed
2020-02-12 01:08:42,835 INFO  com.primeeme.restapi.RestapiauthApplication(55) : Starting RestapiauthApplication on xkongs-iMac.local with PID 6234 (/Users/xkong/Desktop/EME_Rest_API_auth/restapi/target/classes started by xkong in /Users/xkong/Desktop/EME_Rest_API_auth)
2020-02-12 01:08:42,841 INFO  com.primeeme.restapi.RestapiauthApplication(655) : The following profiles are active: dev
2020-02-12 01:08:42,899 INFO  o.s.b.d.e.DevToolsPropertyDefaultsPostProcessor(225) : Devtools property defaults active! Set 'spring.devtools.add-properties' to 'false' to disable
2020-02-12 01:08:44,257 INFO  o.s.b.d.a.OptionalLiveReloadServer(58) : LiveReload server is running on port 35729
2020-02-12 01:08:44,278 INFO  com.primeeme.restapi.RestapiauthApplication(61) : Started RestapiauthApplication in 2.086 seconds (JVM running for 2.881)
2020-02-12 01:10:14,477 INFO  com.primeeme.restapi.RestapiauthApplication(55) : Starting RestapiauthApplication on xkongs-iMac.local with PID 6250 (/Users/xkong/Desktop/EME_Rest_API_auth/restapi/target/classes started by xkong in /Users/xkong/Desktop/EME_Rest_API_auth)
2020-02-12 01:10:14,492 INFO  com.primeeme.restapi.RestapiauthApplication(655) : The following profiles are active: dev
2020-02-12 01:10:14,551 INFO  o.s.b.d.e.DevToolsPropertyDefaultsPostProcessor(225) : Devtools property defaults active! Set 'spring.devtools.add-properties' to 'false' to disable
2020-02-12 01:10:15,765 INFO  o.s.b.d.a.OptionalLiveReloadServer(58) : LiveReload server is running on port 35729
2020-02-12 01:10:15,791 INFO  com.primeeme.restapi.RestapiauthApplication(61) : Started RestapiauthApplication in 2.19 seconds (JVM running for 2.94)
2020-02-12 01:12:07,624 INFO  com.primeeme.restapi.RestapiauthApplication(55) : Starting RestapiauthApplication on xkongs-iMac.local with PID 6258 (/Users/xkong/Desktop/EME_Rest_API_auth/restapi/target/classes started by xkong in /Users/xkong/Desktop/EME_Rest_API_auth)
2020-02-12 01:12:07,639 INFO  com.primeeme.restapi.RestapiauthApplication(655) : The following profiles are active: dev
2020-02-12 01:12:07,705 INFO  o.s.b.d.e.DevToolsPropertyDefaultsPostProcessor(225) : Devtools property defaults active! Set 'spring.devtools.add-properties' to 'false' to disable
2020-02-12 01:12:09,614 INFO  o.s.b.d.a.OptionalLiveReloadServer(58) : LiveReload server is running on port 35729
2020-02-12 01:12:09,678 INFO  com.primeeme.restapi.RestapiauthApplication(61) : Started RestapiauthApplication in 3.142 seconds (JVM running for 4.431)
2020-02-12 01:12:49,534 INFO  com.primeeme.restapi.RestapiauthApplication(55) : Starting RestapiauthApplication on xkongs-iMac.local with PID 6264 (/Users/xkong/Desktop/EME_Rest_API_auth/restapi/target/classes started by xkong in /Users/xkong/Desktop/EME_Rest_API_auth)
2020-02-12 01:12:49,548 INFO  com.primeeme.restapi.RestapiauthApplication(655) : The following profiles are active: dev
2020-02-12 01:12:49,719 INFO  o.s.b.d.e.DevToolsPropertyDefaultsPostProcessor(225) : Devtools property defaults active! Set 'spring.devtools.add-properties' to 'false' to disable
2020-02-12 01:12:51,414 INFO  o.s.b.d.a.OptionalLiveReloadServer(58) : LiveReload server is running on port 35729
2020-02-12 01:12:51,436 INFO  com.primeeme.restapi.RestapiauthApplication(61) : Started RestapiauthApplication in 2.742 seconds (JVM running for 3.676)
2020-02-12 01:14:42,375 INFO  com.primeeme.restapi.RestapiauthApplication(55) : Starting RestapiauthApplication on xkongs-iMac.local with PID 6380 (/Users/xkong/Desktop/EME_Rest_API_auth/restapi/target/classes started by xkong in /Users/xkong/Desktop/EME_Rest_API_auth)
2020-02-12 01:14:42,391 INFO  com.primeeme.restapi.RestapiauthApplication(655) : The following profiles are active: dev
2020-02-12 01:14:42,483 INFO  o.s.b.d.e.DevToolsPropertyDefaultsPostProcessor(225) : Devtools property defaults active! Set 'spring.devtools.add-properties' to 'false' to disable
2020-02-12 01:14:42,483 INFO  o.s.b.d.e.DevToolsPropertyDefaultsPostProcessor(225) : For additional web related logging consider setting the 'logging.level.web' property to 'DEBUG'
2020-02-12 01:14:44,087 INFO  o.s.b.web.embedded.tomcat.TomcatWebServer(92) : Tomcat initialized with port(s): 8080 (http)
2020-02-12 01:14:44,102 INFO  org.apache.coyote.http11.Http11NioProtocol(173) : Initializing ProtocolHandler ["http-nio-8080"]
2020-02-12 01:14:44,103 INFO  org.apache.catalina.core.StandardService(173) : Starting service [Tomcat]
2020-02-12 01:14:44,103 INFO  org.apache.catalina.core.StandardEngine(173) : Starting Servlet engine: [Apache Tomcat/9.0.30]
2020-02-12 01:14:44,197 INFO  o.a.c.c.C.[Tomcat].[localhost].[/](173) : Initializing Spring embedded WebApplicationContext
2020-02-12 01:14:44,197 INFO  o.springframework.web.context.ContextLoader(284) : Root WebApplicationContext: initialization completed in 1713 ms
2020-02-12 01:14:44,685 INFO  o.s.s.concurrent.ThreadPoolTaskExecutor(171) : Initializing ExecutorService 'applicationTaskExecutor'
2020-02-12 01:14:44,865 INFO  o.s.b.d.a.OptionalLiveReloadServer(58) : LiveReload server is running on port 35729
2020-02-12 01:14:44,883 INFO  org.apache.coyote.http11.Http11NioProtocol(173) : Starting ProtocolHandler ["http-nio-8080"]
2020-02-12 01:14:44,942 INFO  o.s.b.web.embedded.tomcat.TomcatWebServer(204) : Tomcat started on port(s): 8080 (http) with context path ''
2020-02-12 01:14:44,947 INFO  com.primeeme.restapi.RestapiauthApplication(61) : Started RestapiauthApplication in 3.506 seconds (JVM running for 4.312)
2020-02-12 01:14:55,375 INFO  o.s.s.concurrent.ThreadPoolTaskExecutor(208) : Shutting down ExecutorService 'applicationTaskExecutor'
2020-02-12 01:18:22,234 INFO  com.primeeme.restapi.RestapiauthApplication(55) : Starting RestapiauthApplication on xkongs-iMac.local with PID 6413 (/Users/xkong/Desktop/EME_Rest_API_auth/restapi/target/classes started by xkong in /Users/xkong/Desktop/EME_Rest_API_auth)
2020-02-12 01:18:22,257 INFO  com.primeeme.restapi.RestapiauthApplication(655) : The following profiles are active: dev
2020-02-12 01:18:22,316 INFO  o.s.b.d.e.DevToolsPropertyDefaultsPostProcessor(225) : Devtools property defaults active! Set 'spring.devtools.add-properties' to 'false' to disable
2020-02-12 01:18:22,317 INFO  o.s.b.d.e.DevToolsPropertyDefaultsPostProcessor(225) : For additional web related logging consider setting the 'logging.level.web' property to 'DEBUG'
2020-02-12 01:18:23,524 INFO  o.s.b.web.embedded.tomcat.TomcatWebServer(92) : Tomcat initialized with port(s): 8080 (http)
2020-02-12 01:18:23,534 INFO  org.apache.coyote.http11.Http11NioProtocol(173) : Initializing ProtocolHandler ["http-nio-8080"]
2020-02-12 01:18:23,534 INFO  org.apache.catalina.core.StandardService(173) : Starting service [Tomcat]
2020-02-12 01:18:23,535 INFO  org.apache.catalina.core.StandardEngine(173) : Starting Servlet engine: [Apache Tomcat/9.0.30]
2020-02-12 01:18:23,593 INFO  o.a.c.c.C.[Tomcat].[localhost].[/](173) : Initializing Spring embedded WebApplicationContext
2020-02-12 01:18:23,593 INFO  o.springframework.web.context.ContextLoader(284) : Root WebApplicationContext: initialization completed in 1275 ms
2020-02-12 01:18:23,713 INFO  c.a.d.s.b.a.DruidDataSourceAutoConfigure(56) : Init DruidDataSource
2020-02-12 01:18:25,903 INFO  com.alibaba.druid.pool.DruidDataSource(930) : {dataSource-1} inited
2020-02-12 01:18:26,058 INFO  o.s.s.concurrent.ThreadPoolTaskExecutor(171) : Initializing ExecutorService 'applicationTaskExecutor'
2020-02-12 01:18:26,200 INFO  o.s.b.d.a.OptionalLiveReloadServer(58) : LiveReload server is running on port 35729
2020-02-12 01:18:26,232 INFO  org.apache.coyote.http11.Http11NioProtocol(173) : Starting ProtocolHandler ["http-nio-8080"]
2020-02-12 01:18:26,277 INFO  o.s.b.web.embedded.tomcat.TomcatWebServer(204) : Tomcat started on port(s): 8080 (http) with context path ''
2020-02-12 01:18:26,281 INFO  com.primeeme.restapi.RestapiauthApplication(61) : Started RestapiauthApplication in 4.669 seconds (JVM running for 5.338)
2020-02-12 01:18:51,713 INFO  o.a.c.c.C.[Tomcat].[localhost].[/](173) : Initializing Spring DispatcherServlet 'dispatcherServlet'
2020-02-12 01:18:51,731 INFO  o.s.web.servlet.DispatcherServlet(525) : Initializing Servlet 'dispatcherServlet'
2020-02-12 01:18:51,738 INFO  o.s.web.servlet.DispatcherServlet(547) : Completed initialization in 7 ms
2020-02-12 01:21:00,267 INFO  o.s.s.concurrent.ThreadPoolTaskExecutor(208) : Shutting down ExecutorService 'applicationTaskExecutor'
2020-02-12 01:21:00,298 INFO  com.alibaba.druid.pool.DruidDataSource(1825) : {dataSource-1} closed
2020-02-12 01:21:04,873 INFO  com.primeeme.restapi.RestapiauthApplication(55) : Starting RestapiauthApplication on xkongs-iMac.local with PID 6437 (/Users/xkong/Desktop/EME_Rest_API_auth/restapi/target/classes started by xkong in /Users/xkong/Desktop/EME_Rest_API_auth)
2020-02-12 01:21:04,876 INFO  com.primeeme.restapi.RestapiauthApplication(655) : The following profiles are active: dev
2020-02-12 01:21:04,929 INFO  o.s.b.d.e.DevToolsPropertyDefaultsPostProcessor(225) : Devtools property defaults active! Set 'spring.devtools.add-properties' to 'false' to disable
2020-02-12 01:21:04,931 INFO  o.s.b.d.e.DevToolsPropertyDefaultsPostProcessor(225) : For additional web related logging consider setting the 'logging.level.web' property to 'DEBUG'
2020-02-12 01:21:06,266 INFO  o.s.b.web.embedded.tomcat.TomcatWebServer(92) : Tomcat initialized with port(s): 8080 (http)
2020-02-12 01:21:06,276 INFO  org.apache.coyote.http11.Http11NioProtocol(173) : Initializing ProtocolHandler ["http-nio-8080"]
2020-02-12 01:21:06,277 INFO  org.apache.catalina.core.StandardService(173) : Starting service [Tomcat]
2020-02-12 01:21:06,278 INFO  org.apache.catalina.core.StandardEngine(173) : Starting Servlet engine: [Apache Tomcat/9.0.30]
2020-02-12 01:21:06,343 INFO  o.a.c.c.C.[Tomcat].[localhost].[/](173) : Initializing Spring embedded WebApplicationContext
2020-02-12 01:21:06,344 INFO  o.springframework.web.context.ContextLoader(284) : Root WebApplicationContext: initialization completed in 1413 ms
2020-02-12 01:21:06,487 INFO  c.a.d.s.b.a.DruidDataSourceAutoConfigure(56) : Init DruidDataSource
2020-02-12 01:21:08,928 INFO  com.alibaba.druid.pool.DruidDataSource(930) : {dataSource-1} inited
2020-02-12 01:21:09,112 INFO  o.s.s.concurrent.ThreadPoolTaskExecutor(171) : Initializing ExecutorService 'applicationTaskExecutor'
2020-02-12 01:21:09,267 INFO  o.s.b.d.a.OptionalLiveReloadServer(58) : LiveReload server is running on port 35729
2020-02-12 01:21:09,300 INFO  org.apache.coyote.http11.Http11NioProtocol(173) : Starting ProtocolHandler ["http-nio-8080"]
2020-02-12 01:21:09,345 INFO  o.s.b.web.embedded.tomcat.TomcatWebServer(204) : Tomcat started on port(s): 8080 (http) with context path ''
2020-02-12 01:21:09,349 INFO  com.primeeme.restapi.RestapiauthApplication(61) : Started RestapiauthApplication in 5.141 seconds (JVM running for 5.813)
2020-02-12 01:21:16,646 INFO  o.a.c.c.C.[Tomcat].[localhost].[/](173) : Initializing Spring DispatcherServlet 'dispatcherServlet'
2020-02-12 01:21:16,647 INFO  o.s.web.servlet.DispatcherServlet(525) : Initializing Servlet 'dispatcherServlet'
2020-02-12 01:21:16,655 INFO  o.s.web.servlet.DispatcherServlet(547) : Completed initialization in 7 ms
2020-02-12 01:21:42,385 WARN  o.s.w.s.m.s.DefaultHandlerExceptionResolver(199) : Resolved [org.springframework.http.converter.HttpMessageNotReadableException: Required request body is missing: public com.primeeme.restapi.model.Contact com.primeeme.restapi.api.ContactController.getContactById(java.lang.Integer)]
2020-02-12 01:23:23,261 WARN  o.s.w.s.m.s.DefaultHandlerExceptionResolver(199) : Resolved [org.springframework.web.HttpRequestMethodNotSupportedException: Request method 'POST' not supported]
2020-02-12 01:30:28,477 INFO  o.s.s.concurrent.ThreadPoolTaskExecutor(208) : Shutting down ExecutorService 'applicationTaskExecutor'
2020-02-12 01:30:28,534 INFO  com.alibaba.druid.pool.DruidDataSource(1825) : {dataSource-1} closed
2020-02-12 01:30:32,944 INFO  com.primeeme.restapi.RestapiauthApplication(55) : Starting RestapiauthApplication on xkongs-iMac.local with PID 6460 (/Users/xkong/Desktop/EME_Rest_API_auth/restapi/target/classes started by xkong in /Users/xkong/Desktop/EME_Rest_API_auth)
2020-02-12 01:30:32,947 INFO  com.primeeme.restapi.RestapiauthApplication(655) : The following profiles are active: dev
2020-02-12 01:30:33,032 INFO  o.s.b.d.e.DevToolsPropertyDefaultsPostProcessor(225) : Devtools property defaults active! Set 'spring.devtools.add-properties' to 'false' to disable
2020-02-12 01:30:33,037 INFO  o.s.b.d.e.DevToolsPropertyDefaultsPostProcessor(225) : For additional web related logging consider setting the 'logging.level.web' property to 'DEBUG'
2020-02-12 01:30:34,227 INFO  o.s.b.web.embedded.tomcat.TomcatWebServer(92) : Tomcat initialized with port(s): 8080 (http)
2020-02-12 01:30:34,237 INFO  org.apache.coyote.http11.Http11NioProtocol(173) : Initializing ProtocolHandler ["http-nio-8080"]
2020-02-12 01:30:34,238 INFO  org.apache.catalina.core.StandardService(173) : Starting service [Tomcat]
2020-02-12 01:30:34,238 INFO  org.apache.catalina.core.StandardEngine(173) : Starting Servlet engine: [Apache Tomcat/9.0.30]
2020-02-12 01:30:34,297 INFO  o.a.c.c.C.[Tomcat].[localhost].[/](173) : Initializing Spring embedded WebApplicationContext
2020-02-12 01:30:34,298 INFO  o.springframework.web.context.ContextLoader(284) : Root WebApplicationContext: initialization completed in 1260 ms
2020-02-12 01:30:34,412 INFO  c.a.d.s.b.a.DruidDataSourceAutoConfigure(56) : Init DruidDataSource
2020-02-12 01:30:36,872 INFO  com.alibaba.druid.pool.DruidDataSource(930) : {dataSource-1} inited
2020-02-12 01:30:37,024 INFO  o.s.s.concurrent.ThreadPoolTaskExecutor(171) : Initializing ExecutorService 'applicationTaskExecutor'
2020-02-12 01:30:37,149 INFO  o.s.b.d.a.OptionalLiveReloadServer(58) : LiveReload server is running on port 35729
2020-02-12 01:30:37,245 INFO  org.apache.coyote.http11.Http11NioProtocol(173) : Starting ProtocolHandler ["http-nio-8080"]
2020-02-12 01:30:37,295 INFO  o.s.b.web.embedded.tomcat.TomcatWebServer(204) : Tomcat started on port(s): 8080 (http) with context path ''
2020-02-12 01:30:37,312 INFO  com.primeeme.restapi.RestapiauthApplication(61) : Started RestapiauthApplication in 4.988 seconds (JVM running for 5.529)
2020-02-12 01:30:59,457 INFO  o.a.c.c.C.[Tomcat].[localhost].[/](173) : Initializing Spring DispatcherServlet 'dispatcherServlet'
2020-02-12 01:30:59,458 INFO  o.s.web.servlet.DispatcherServlet(525) : Initializing Servlet 'dispatcherServlet'
2020-02-12 01:30:59,466 INFO  o.s.web.servlet.DispatcherServlet(547) : Completed initialization in 8 ms
2020-02-12 01:30:59,495 WARN  o.s.w.s.m.s.DefaultHandlerExceptionResolver(199) : Resolved [org.springframework.http.converter.HttpMessageNotReadableException: Required request body is missing: public com.primeeme.restapi.model.Contact com.primeeme.restapi.api.ContactController.getContactById(java.lang.Integer)]
2020-02-12 01:32:53,517 WARN  o.s.w.s.m.s.DefaultHandlerExceptionResolver(199) : Resolved [org.springframework.http.converter.HttpMessageNotReadableException: Required request body is missing: public com.primeeme.restapi.model.Contact com.primeeme.restapi.api.ContactController.getContactById(java.lang.Integer)]
2020-02-12 01:35:23,158 WARN  o.s.w.s.m.s.DefaultHandlerExceptionResolver(199) : Resolved [org.springframework.http.converter.HttpMessageNotReadableException: Required request body is missing: public com.primeeme.restapi.model.Contact com.primeeme.restapi.api.ContactController.getContactById(java.lang.Integer)]
2020-02-12 01:35:43,851 WARN  o.s.w.s.m.s.DefaultHandlerExceptionResolver(199) : Resolved [org.springframework.web.HttpRequestMethodNotSupportedException: Request method 'POST' not supported]
2020-02-12 01:36:06,215 WARN  o.s.w.s.m.s.DefaultHandlerExceptionResolver(199) : Resolved [org.springframework.http.converter.HttpMessageNotReadableException: Required request body is missing: public com.primeeme.restapi.model.Contact com.primeeme.restapi.api.ContactController.getContactById(java.lang.Integer)]
2020-02-12 01:37:05,930 WARN  o.s.w.s.m.s.DefaultHandlerExceptionResolver(199) : Resolved [org.springframework.http.converter.HttpMessageNotReadableException: Required request body is missing: public com.primeeme.restapi.model.Contact com.primeeme.restapi.api.ContactController.getContactById(java.lang.Integer)]
2020-02-12 01:37:12,094 WARN  o.s.w.s.m.s.DefaultHandlerExceptionResolver(199) : Resolved [org.springframework.http.converter.HttpMessageNotReadableException: Required request body is missing: public com.primeeme.restapi.model.Contact com.primeeme.restapi.api.ContactController.getContactById(java.lang.Integer)]
2020-02-12 01:38:25,008 INFO  o.s.s.concurrent.ThreadPoolTaskExecutor(208) : Shutting down ExecutorService 'applicationTaskExecutor'
2020-02-12 01:38:25,017 INFO  com.alibaba.druid.pool.DruidDataSource(1825) : {dataSource-1} closed
2020-02-12 20:11:50,239 INFO  com.primeeme.restapi.RestapiauthApplication(55) : Starting RestapiauthApplication on xkongs-iMac.local with PID 7251 (/Users/xkong/Desktop/EME_Rest_API_auth/restapi/target/classes started by xkong in /Users/xkong/Desktop/EME_Rest_API_auth)
2020-02-12 20:11:50,251 INFO  com.primeeme.restapi.RestapiauthApplication(655) : The following profiles are active: dev
2020-02-12 20:11:50,322 INFO  o.s.b.d.e.DevToolsPropertyDefaultsPostProcessor(225) : Devtools property defaults active! Set 'spring.devtools.add-properties' to 'false' to disable
2020-02-12 20:11:50,322 INFO  o.s.b.d.e.DevToolsPropertyDefaultsPostProcessor(225) : For additional web related logging consider setting the 'logging.level.web' property to 'DEBUG'
2020-02-12 20:11:51,797 INFO  o.s.b.web.embedded.tomcat.TomcatWebServer(92) : Tomcat initialized with port(s): 8080 (http)
2020-02-12 20:11:51,812 INFO  org.apache.coyote.http11.Http11NioProtocol(173) : Initializing ProtocolHandler ["http-nio-8080"]
2020-02-12 20:11:51,813 INFO  org.apache.catalina.core.StandardService(173) : Starting service [Tomcat]
2020-02-12 20:11:51,813 INFO  org.apache.catalina.core.StandardEngine(173) : Starting Servlet engine: [Apache Tomcat/9.0.30]
2020-02-12 20:11:51,888 INFO  o.a.c.c.C.[Tomcat].[localhost].[/](173) : Initializing Spring embedded WebApplicationContext
2020-02-12 20:11:51,889 INFO  o.springframework.web.context.ContextLoader(284) : Root WebApplicationContext: initialization completed in 1566 ms
2020-02-12 20:11:52,063 INFO  c.a.d.s.b.a.DruidDataSourceAutoConfigure(56) : Init DruidDataSource
2020-02-12 20:12:24,733 INFO  com.alibaba.druid.pool.DruidDataSource(930) : {dataSource-1} inited
2020-02-12 20:12:24,734 WARN  o.s.b.w.s.c.AnnotationConfigServletWebServerApplicationContext(558) : Exception encountered during context initialization - cancelling refresh attempt: org.springframework.beans.factory.UnsatisfiedDependencyException: Error creating bean with name 'contactController': Unsatisfied dependency expressed through field 'contact'; nested exception is org.springframework.beans.factory.UnsatisfiedDependencyException: Error creating bean with name 'contactServiceImpl': Unsatisfied dependency expressed through field 'contactMapper'; nested exception is org.springframework.beans.factory.UnsatisfiedDependencyException: Error creating bean with name 'contactMapper' defined in file [/Users/xkong/Desktop/EME_Rest_API_auth/restapi/target/classes/com/primeeme/restapi/mapper/ContactMapper.class]: Unsatisfied dependency expressed through bean property 'sqlSessionFactory'; nested exception is org.springframework.beans.factory.UnsatisfiedDependencyException: Error creating bean with name 'sqlSessionFactory' defined in class path resource [org/mybatis/spring/boot/autoconfigure/MybatisAutoConfiguration.class]: Unsatisfied dependency expressed through method 'sqlSessionFactory' parameter 0; nested exception is org.springframework.beans.factory.BeanCreationException: Error creating bean with name 'dataSource' defined in class path resource [com/alibaba/druid/spring/boot/autoconfigure/DruidDataSourceAutoConfigure.class]: Invocation of init method failed; nested exception is com.microsoft.sqlserver.jdbc.SQLServerException: Database 'eme-migration' on server 'pgseme-migration.database.windows.net' is not currently available.  Please retry the connection later.  If the problem persists, contact customer support, and provide them the session tracing ID of '{D7684769-859E-4DA6-B9FE-DCBEFBB5FF77}'. ClientConnectionId:d2ad6967-5e5a-400d-b16f-140868e606ad
2020-02-12 20:12:24,741 INFO  org.apache.catalina.core.StandardService(173) : Stopping service [Tomcat]
2020-02-12 20:12:24,761 INFO  o.s.b.a.l.ConditionEvaluationReportLoggingListener(136) : 

Error starting ApplicationContext. To display the conditions report re-run your application with 'debug' enabled.
2020-02-12 20:13:15,771 INFO  com.primeeme.restapi.RestapiauthApplication(55) : Starting RestapiauthApplication on xkongs-iMac.local with PID 7255 (/Users/xkong/Desktop/EME_Rest_API_auth/restapi/target/classes started by xkong in /Users/xkong/Desktop/EME_Rest_API_auth)
2020-02-12 20:13:15,775 INFO  com.primeeme.restapi.RestapiauthApplication(655) : The following profiles are active: dev
2020-02-12 20:13:15,867 INFO  o.s.b.d.e.DevToolsPropertyDefaultsPostProcessor(225) : Devtools property defaults active! Set 'spring.devtools.add-properties' to 'false' to disable
2020-02-12 20:13:15,868 INFO  o.s.b.d.e.DevToolsPropertyDefaultsPostProcessor(225) : For additional web related logging consider setting the 'logging.level.web' property to 'DEBUG'
2020-02-12 20:13:17,002 INFO  o.s.b.web.embedded.tomcat.TomcatWebServer(92) : Tomcat initialized with port(s): 8080 (http)
2020-02-12 20:13:17,012 INFO  org.apache.coyote.http11.Http11NioProtocol(173) : Initializing ProtocolHandler ["http-nio-8080"]
2020-02-12 20:13:17,012 INFO  org.apache.catalina.core.StandardService(173) : Starting service [Tomcat]
2020-02-12 20:13:17,013 INFO  org.apache.catalina.core.StandardEngine(173) : Starting Servlet engine: [Apache Tomcat/9.0.30]
2020-02-12 20:13:17,074 INFO  o.a.c.c.C.[Tomcat].[localhost].[/](173) : Initializing Spring embedded WebApplicationContext
2020-02-12 20:13:17,074 INFO  o.springframework.web.context.ContextLoader(284) : Root WebApplicationContext: initialization completed in 1206 ms
2020-02-12 20:13:17,188 INFO  c.a.d.s.b.a.DruidDataSourceAutoConfigure(56) : Init DruidDataSource
2020-02-12 20:13:19,848 INFO  com.alibaba.druid.pool.DruidDataSource(930) : {dataSource-1} inited
2020-02-12 20:13:20,084 INFO  o.s.s.concurrent.ThreadPoolTaskExecutor(171) : Initializing ExecutorService 'applicationTaskExecutor'
2020-02-12 20:13:20,240 INFO  o.s.b.d.a.OptionalLiveReloadServer(58) : LiveReload server is running on port 35729
2020-02-12 20:13:20,273 INFO  org.apache.coyote.http11.Http11NioProtocol(173) : Starting ProtocolHandler ["http-nio-8080"]
2020-02-12 20:13:20,320 INFO  o.s.b.web.embedded.tomcat.TomcatWebServer(204) : Tomcat started on port(s): 8080 (http) with context path ''
2020-02-12 20:13:20,324 INFO  com.primeeme.restapi.RestapiauthApplication(61) : Started RestapiauthApplication in 5.19 seconds (JVM running for 5.829)
2020-02-12 20:13:59,756 INFO  o.a.c.c.C.[Tomcat].[localhost].[/](173) : Initializing Spring DispatcherServlet 'dispatcherServlet'
2020-02-12 20:13:59,756 INFO  o.s.web.servlet.DispatcherServlet(525) : Initializing Servlet 'dispatcherServlet'
2020-02-12 20:13:59,764 INFO  o.s.web.servlet.DispatcherServlet(547) : Completed initialization in 7 ms
2020-02-12 20:24:27,692 WARN  o.s.w.s.m.s.DefaultHandlerExceptionResolver(199) : Resolved [org.springframework.http.converter.HttpMessageNotReadableException: Required request body is missing: public com.primeeme.restapi.model.Contact com.primeeme.restapi.api.ContactController.getContactById(java.lang.Integer)]
2020-02-12 20:25:59,235 INFO  o.s.s.concurrent.ThreadPoolTaskExecutor(208) : Shutting down ExecutorService 'applicationTaskExecutor'
2020-02-12 20:25:59,251 INFO  com.alibaba.druid.pool.DruidDataSource(1825) : {dataSource-1} closed
2020-02-12 20:35:56,389 INFO  com.primeeme.restapi.RestapiauthApplication(55) : Starting RestapiauthApplication on xkongs-iMac.local with PID 7395 (/Users/xkong/Desktop/EME_Rest_API_auth/restapi/target/classes started by xkong in /Users/xkong/Desktop/EME_Rest_API_auth)
2020-02-12 20:35:56,398 INFO  com.primeeme.restapi.RestapiauthApplication(655) : The following profiles are active: dev
2020-02-12 20:35:56,491 INFO  o.s.b.d.e.DevToolsPropertyDefaultsPostProcessor(225) : Devtools property defaults active! Set 'spring.devtools.add-properties' to 'false' to disable
2020-02-12 20:35:56,492 INFO  o.s.b.d.e.DevToolsPropertyDefaultsPostProcessor(225) : For additional web related logging consider setting the 'logging.level.web' property to 'DEBUG'
2020-02-12 20:35:58,294 INFO  o.s.b.web.embedded.tomcat.TomcatWebServer(92) : Tomcat initialized with port(s): 8080 (http)
2020-02-12 20:35:58,306 INFO  org.apache.coyote.http11.Http11NioProtocol(173) : Initializing ProtocolHandler ["http-nio-8080"]
2020-02-12 20:35:58,308 INFO  org.apache.catalina.core.StandardService(173) : Starting service [Tomcat]
2020-02-12 20:35:58,308 INFO  org.apache.catalina.core.StandardEngine(173) : Starting Servlet engine: [Apache Tomcat/9.0.30]
2020-02-12 20:35:58,390 INFO  o.a.c.c.C.[Tomcat].[localhost].[/](173) : Initializing Spring embedded WebApplicationContext
2020-02-12 20:35:58,390 INFO  o.springframework.web.context.ContextLoader(284) : Root WebApplicationContext: initialization completed in 1898 ms
2020-02-12 20:35:58,585 INFO  c.a.d.s.b.a.DruidDataSourceAutoConfigure(56) : Init DruidDataSource
2020-02-12 20:36:02,360 INFO  com.alibaba.druid.pool.DruidDataSource(930) : {dataSource-1} inited
2020-02-12 20:36:02,560 INFO  o.s.s.concurrent.ThreadPoolTaskExecutor(171) : Initializing ExecutorService 'applicationTaskExecutor'
2020-02-12 20:36:02,728 INFO  o.s.b.d.a.OptionalLiveReloadServer(58) : LiveReload server is running on port 35729
2020-02-12 20:36:02,779 INFO  org.apache.coyote.http11.Http11NioProtocol(173) : Starting ProtocolHandler ["http-nio-8080"]
2020-02-12 20:36:02,840 INFO  o.s.b.web.embedded.tomcat.TomcatWebServer(204) : Tomcat started on port(s): 8080 (http) with context path ''
2020-02-12 20:36:02,845 INFO  com.primeeme.restapi.RestapiauthApplication(61) : Started RestapiauthApplication in 7.199 seconds (JVM running for 7.913)
2020-02-12 20:36:22,881 INFO  o.a.c.c.C.[Tomcat].[localhost].[/](173) : Initializing Spring DispatcherServlet 'dispatcherServlet'
2020-02-12 20:36:22,881 INFO  o.s.web.servlet.DispatcherServlet(525) : Initializing Servlet 'dispatcherServlet'
2020-02-12 20:36:22,897 INFO  o.s.web.servlet.DispatcherServlet(547) : Completed initialization in 16 ms
2020-02-12 20:52:14,325 INFO  o.s.s.concurrent.ThreadPoolTaskExecutor(208) : Shutting down ExecutorService 'applicationTaskExecutor'
2020-02-12 20:52:14,357 INFO  com.alibaba.druid.pool.DruidDataSource(1825) : {dataSource-1} closed
2020-02-12 20:53:30,097 INFO  com.primeeme.restapi.RestapiauthApplication(55) : Starting RestapiauthApplication on xkongs-iMac.local with PID 7531 (/Users/xkong/Desktop/EME_Rest_API_auth/restapi/target/classes started by xkong in /Users/xkong/Desktop/EME_Rest_API_auth)
2020-02-12 20:53:30,100 INFO  com.primeeme.restapi.RestapiauthApplication(655) : The following profiles are active: dev
2020-02-12 20:53:30,216 INFO  o.s.b.d.e.DevToolsPropertyDefaultsPostProcessor(225) : Devtools property defaults active! Set 'spring.devtools.add-properties' to 'false' to disable
2020-02-12 20:53:30,216 INFO  o.s.b.d.e.DevToolsPropertyDefaultsPostProcessor(225) : For additional web related logging consider setting the 'logging.level.web' property to 'DEBUG'
2020-02-12 20:53:31,441 INFO  o.s.b.web.embedded.tomcat.TomcatWebServer(92) : Tomcat initialized with port(s): 8080 (http)
2020-02-12 20:53:31,453 INFO  org.apache.coyote.http11.Http11NioProtocol(173) : Initializing ProtocolHandler ["http-nio-8080"]
2020-02-12 20:53:31,454 INFO  org.apache.catalina.core.StandardService(173) : Starting service [Tomcat]
2020-02-12 20:53:31,454 INFO  org.apache.catalina.core.StandardEngine(173) : Starting Servlet engine: [Apache Tomcat/9.0.30]
2020-02-12 20:53:31,524 INFO  o.a.c.c.C.[Tomcat].[localhost].[/](173) : Initializing Spring embedded WebApplicationContext
2020-02-12 20:53:31,524 INFO  o.springframework.web.context.ContextLoader(284) : Root WebApplicationContext: initialization completed in 1307 ms
2020-02-12 20:53:31,677 INFO  c.a.d.s.b.a.DruidDataSourceAutoConfigure(56) : Init DruidDataSource
2020-02-12 20:53:35,149 INFO  com.alibaba.druid.pool.DruidDataSource(930) : {dataSource-1} inited
2020-02-12 20:53:35,322 INFO  o.s.s.concurrent.ThreadPoolTaskExecutor(171) : Initializing ExecutorService 'applicationTaskExecutor'
2020-02-12 20:53:35,460 INFO  o.s.b.d.a.OptionalLiveReloadServer(58) : LiveReload server is running on port 35729
2020-02-12 20:53:35,490 INFO  org.apache.coyote.http11.Http11NioProtocol(173) : Starting ProtocolHandler ["http-nio-8080"]
2020-02-12 20:53:35,533 INFO  o.s.b.web.embedded.tomcat.TomcatWebServer(204) : Tomcat started on port(s): 8080 (http) with context path ''
2020-02-12 20:53:35,537 INFO  com.primeeme.restapi.RestapiauthApplication(61) : Started RestapiauthApplication in 6.182 seconds (JVM running for 6.821)
2020-02-12 20:53:47,559 INFO  o.a.c.c.C.[Tomcat].[localhost].[/](173) : Initializing Spring DispatcherServlet 'dispatcherServlet'
2020-02-12 20:53:47,560 INFO  o.s.web.servlet.DispatcherServlet(525) : Initializing Servlet 'dispatcherServlet'
2020-02-12 20:53:47,568 INFO  o.s.web.servlet.DispatcherServlet(547) : Completed initialization in 8 ms
2020-02-12 20:56:11,355 INFO  o.s.s.concurrent.ThreadPoolTaskExecutor(208) : Shutting down ExecutorService 'applicationTaskExecutor'
2020-02-12 20:56:11,381 INFO  com.alibaba.druid.pool.DruidDataSource(1825) : {dataSource-1} closed
2020-02-12 20:57:08,392 INFO  com.primeeme.restapi.RestapiauthApplication(55) : Starting RestapiauthApplication on xkongs-iMac.local with PID 7544 (/Users/xkong/Desktop/EME_Rest_API_auth/restapi/target/classes started by xkong in /Users/xkong/Desktop/EME_Rest_API_auth)
2020-02-12 20:57:08,396 INFO  com.primeeme.restapi.RestapiauthApplication(655) : The following profiles are active: dev
2020-02-12 20:57:08,455 INFO  o.s.b.d.e.DevToolsPropertyDefaultsPostProcessor(225) : Devtools property defaults active! Set 'spring.devtools.add-properties' to 'false' to disable
2020-02-12 20:57:08,456 INFO  o.s.b.d.e.DevToolsPropertyDefaultsPostProcessor(225) : For additional web related logging consider setting the 'logging.level.web' property to 'DEBUG'
2020-02-12 20:57:09,676 INFO  o.s.b.web.embedded.tomcat.TomcatWebServer(92) : Tomcat initialized with port(s): 8080 (http)
2020-02-12 20:57:09,686 INFO  org.apache.coyote.http11.Http11NioProtocol(173) : Initializing ProtocolHandler ["http-nio-8080"]
2020-02-12 20:57:09,687 INFO  org.apache.catalina.core.StandardService(173) : Starting service [Tomcat]
2020-02-12 20:57:09,687 INFO  org.apache.catalina.core.StandardEngine(173) : Starting Servlet engine: [Apache Tomcat/9.0.30]
2020-02-12 20:57:09,749 INFO  o.a.c.c.C.[Tomcat].[localhost].[/](173) : Initializing Spring embedded WebApplicationContext
2020-02-12 20:57:09,749 INFO  o.springframework.web.context.ContextLoader(284) : Root WebApplicationContext: initialization completed in 1293 ms
2020-02-12 20:57:09,863 INFO  c.a.d.s.b.a.DruidDataSourceAutoConfigure(56) : Init DruidDataSource
2020-02-12 20:57:12,022 INFO  com.alibaba.druid.pool.DruidDataSource(930) : {dataSource-1} inited
2020-02-12 20:57:12,165 INFO  o.s.s.concurrent.ThreadPoolTaskExecutor(171) : Initializing ExecutorService 'applicationTaskExecutor'
2020-02-12 20:57:12,284 INFO  o.s.b.d.a.OptionalLiveReloadServer(58) : LiveReload server is running on port 35729
2020-02-12 20:57:12,312 INFO  org.apache.coyote.http11.Http11NioProtocol(173) : Starting ProtocolHandler ["http-nio-8080"]
2020-02-12 20:57:12,352 INFO  o.s.b.web.embedded.tomcat.TomcatWebServer(204) : Tomcat started on port(s): 8080 (http) with context path ''
2020-02-12 20:57:12,355 INFO  com.primeeme.restapi.RestapiauthApplication(61) : Started RestapiauthApplication in 4.622 seconds (JVM running for 5.165)
2020-02-12 20:57:21,843 INFO  o.a.c.c.C.[Tomcat].[localhost].[/](173) : Initializing Spring DispatcherServlet 'dispatcherServlet'
2020-02-12 20:57:21,844 INFO  o.s.web.servlet.DispatcherServlet(525) : Initializing Servlet 'dispatcherServlet'
2020-02-12 20:57:21,850 INFO  o.s.web.servlet.DispatcherServlet(547) : Completed initialization in 6 ms
2020-02-12 21:05:02,254 INFO  o.s.s.concurrent.ThreadPoolTaskExecutor(208) : Shutting down ExecutorService 'applicationTaskExecutor'
2020-02-12 21:05:02,330 INFO  com.alibaba.druid.pool.DruidDataSource(1825) : {dataSource-1} closed
2020-02-12 21:05:08,534 INFO  com.primeeme.restapi.RestapiauthApplication(55) : Starting RestapiauthApplication on xkongs-iMac.local with PID 7569 (/Users/xkong/Desktop/EME_Rest_API_auth/restapi/target/classes started by xkong in /Users/xkong/Desktop/EME_Rest_API_auth)
2020-02-12 21:05:08,536 INFO  com.primeeme.restapi.RestapiauthApplication(655) : The following profiles are active: dev
2020-02-12 21:05:08,589 INFO  o.s.b.d.e.DevToolsPropertyDefaultsPostProcessor(225) : Devtools property defaults active! Set 'spring.devtools.add-properties' to 'false' to disable
2020-02-12 21:05:08,590 INFO  o.s.b.d.e.DevToolsPropertyDefaultsPostProcessor(225) : For additional web related logging consider setting the 'logging.level.web' property to 'DEBUG'
2020-02-12 21:05:09,629 INFO  o.s.b.web.embedded.tomcat.TomcatWebServer(92) : Tomcat initialized with port(s): 8080 (http)
2020-02-12 21:05:09,639 INFO  org.apache.coyote.http11.Http11NioProtocol(173) : Initializing ProtocolHandler ["http-nio-8080"]
2020-02-12 21:05:09,640 INFO  org.apache.catalina.core.StandardService(173) : Starting service [Tomcat]
2020-02-12 21:05:09,640 INFO  org.apache.catalina.core.StandardEngine(173) : Starting Servlet engine: [Apache Tomcat/9.0.30]
2020-02-12 21:05:09,709 INFO  o.a.c.c.C.[Tomcat].[localhost].[/](173) : Initializing Spring embedded WebApplicationContext
2020-02-12 21:05:09,709 INFO  o.springframework.web.context.ContextLoader(284) : Root WebApplicationContext: initialization completed in 1119 ms
2020-02-12 21:05:09,834 INFO  c.a.d.s.b.a.DruidDataSourceAutoConfigure(56) : Init DruidDataSource
2020-02-12 21:05:13,425 INFO  com.alibaba.druid.pool.DruidDataSource(930) : {dataSource-1} inited
2020-02-12 21:05:13,576 INFO  o.s.s.concurrent.ThreadPoolTaskExecutor(171) : Initializing ExecutorService 'applicationTaskExecutor'
2020-02-12 21:05:13,711 INFO  o.s.b.d.a.OptionalLiveReloadServer(58) : LiveReload server is running on port 35729
2020-02-12 21:05:13,755 INFO  org.apache.coyote.http11.Http11NioProtocol(173) : Starting ProtocolHandler ["http-nio-8080"]
2020-02-12 21:05:13,797 INFO  o.s.b.web.embedded.tomcat.TomcatWebServer(204) : Tomcat started on port(s): 8080 (http) with context path ''
2020-02-12 21:05:13,801 INFO  com.primeeme.restapi.RestapiauthApplication(61) : Started RestapiauthApplication in 5.979 seconds (JVM running for 6.52)
2020-02-12 21:05:22,031 INFO  o.a.c.c.C.[Tomcat].[localhost].[/](173) : Initializing Spring DispatcherServlet 'dispatcherServlet'
2020-02-12 21:05:22,032 INFO  o.s.web.servlet.DispatcherServlet(525) : Initializing Servlet 'dispatcherServlet'
2020-02-12 21:05:22,038 INFO  o.s.web.servlet.DispatcherServlet(547) : Completed initialization in 6 ms
2020-02-12 21:10:20,357 INFO  o.s.s.concurrent.ThreadPoolTaskExecutor(208) : Shutting down ExecutorService 'applicationTaskExecutor'
2020-02-12 21:10:20,374 INFO  com.alibaba.druid.pool.DruidDataSource(1825) : {dataSource-1} closed
2020-02-12 21:10:23,190 INFO  com.primeeme.restapi.RestapiauthApplication(55) : Starting RestapiauthApplication on xkongs-iMac.local with PID 7586 (/Users/xkong/Desktop/EME_Rest_API_auth/restapi/target/classes started by xkong in /Users/xkong/Desktop/EME_Rest_API_auth)
2020-02-12 21:10:23,193 INFO  com.primeeme.restapi.RestapiauthApplication(655) : The following profiles are active: dev
2020-02-12 21:10:23,247 INFO  o.s.b.d.e.DevToolsPropertyDefaultsPostProcessor(225) : Devtools property defaults active! Set 'spring.devtools.add-properties' to 'false' to disable
2020-02-12 21:10:23,247 INFO  o.s.b.d.e.DevToolsPropertyDefaultsPostProcessor(225) : For additional web related logging consider setting the 'logging.level.web' property to 'DEBUG'
2020-02-12 21:10:24,342 INFO  o.s.b.web.embedded.tomcat.TomcatWebServer(92) : Tomcat initialized with port(s): 8080 (http)
2020-02-12 21:10:24,352 INFO  org.apache.coyote.http11.Http11NioProtocol(173) : Initializing ProtocolHandler ["http-nio-8080"]
2020-02-12 21:10:24,353 INFO  org.apache.catalina.core.StandardService(173) : Starting service [Tomcat]
2020-02-12 21:10:24,353 INFO  org.apache.catalina.core.StandardEngine(173) : Starting Servlet engine: [Apache Tomcat/9.0.30]
2020-02-12 21:10:24,418 INFO  o.a.c.c.C.[Tomcat].[localhost].[/](173) : Initializing Spring embedded WebApplicationContext
2020-02-12 21:10:24,418 INFO  o.springframework.web.context.ContextLoader(284) : Root WebApplicationContext: initialization completed in 1171 ms
2020-02-12 21:10:24,543 INFO  c.a.d.s.b.a.DruidDataSourceAutoConfigure(56) : Init DruidDataSource
2020-02-12 21:10:26,893 INFO  com.alibaba.druid.pool.DruidDataSource(930) : {dataSource-1} inited
2020-02-12 21:10:27,037 INFO  o.s.s.concurrent.ThreadPoolTaskExecutor(171) : Initializing ExecutorService 'applicationTaskExecutor'
2020-02-12 21:10:27,172 INFO  o.s.b.d.a.OptionalLiveReloadServer(58) : LiveReload server is running on port 35729
2020-02-12 21:10:27,221 INFO  org.apache.coyote.http11.Http11NioProtocol(173) : Starting ProtocolHandler ["http-nio-8080"]
2020-02-12 21:10:27,263 INFO  o.s.b.web.embedded.tomcat.TomcatWebServer(204) : Tomcat started on port(s): 8080 (http) with context path ''
2020-02-12 21:10:27,267 INFO  com.primeeme.restapi.RestapiauthApplication(61) : Started RestapiauthApplication in 4.721 seconds (JVM running for 5.277)
2020-02-12 21:13:39,547 INFO  o.s.s.concurrent.ThreadPoolTaskExecutor(208) : Shutting down ExecutorService 'applicationTaskExecutor'
2020-02-12 21:13:39,566 INFO  com.alibaba.druid.pool.DruidDataSource(1825) : {dataSource-1} closed
2020-02-12 21:13:43,182 INFO  com.primeeme.restapi.RestapiauthApplication(55) : Starting RestapiauthApplication on xkongs-iMac.local with PID 7599 (/Users/xkong/Desktop/EME_Rest_API_auth/restapi/target/classes started by xkong in /Users/xkong/Desktop/EME_Rest_API_auth)
2020-02-12 21:13:43,185 INFO  com.primeeme.restapi.RestapiauthApplication(655) : The following profiles are active: dev
2020-02-12 21:13:43,237 INFO  o.s.b.d.e.DevToolsPropertyDefaultsPostProcessor(225) : Devtools property defaults active! Set 'spring.devtools.add-properties' to 'false' to disable
2020-02-12 21:13:43,237 INFO  o.s.b.d.e.DevToolsPropertyDefaultsPostProcessor(225) : For additional web related logging consider setting the 'logging.level.web' property to 'DEBUG'
2020-02-12 21:13:44,316 INFO  o.s.b.web.embedded.tomcat.TomcatWebServer(92) : Tomcat initialized with port(s): 8080 (http)
2020-02-12 21:13:44,327 INFO  org.apache.coyote.http11.Http11NioProtocol(173) : Initializing ProtocolHandler ["http-nio-8080"]
2020-02-12 21:13:44,327 INFO  org.apache.catalina.core.StandardService(173) : Starting service [Tomcat]
2020-02-12 21:13:44,328 INFO  org.apache.catalina.core.StandardEngine(173) : Starting Servlet engine: [Apache Tomcat/9.0.30]
2020-02-12 21:13:44,383 INFO  o.a.c.c.C.[Tomcat].[localhost].[/](173) : Initializing Spring embedded WebApplicationContext
2020-02-12 21:13:44,384 INFO  o.springframework.web.context.ContextLoader(284) : Root WebApplicationContext: initialization completed in 1146 ms
2020-02-12 21:13:44,579 INFO  c.a.d.s.b.a.DruidDataSourceAutoConfigure(56) : Init DruidDataSource
2020-02-12 21:13:46,948 INFO  com.alibaba.druid.pool.DruidDataSource(930) : {dataSource-1} inited
2020-02-12 21:13:47,116 INFO  o.s.s.concurrent.ThreadPoolTaskExecutor(171) : Initializing ExecutorService 'applicationTaskExecutor'
2020-02-12 21:13:47,251 INFO  o.s.b.d.a.OptionalLiveReloadServer(58) : LiveReload server is running on port 35729
2020-02-12 21:13:47,280 INFO  org.apache.coyote.http11.Http11NioProtocol(173) : Starting ProtocolHandler ["http-nio-8080"]
2020-02-12 21:13:47,324 INFO  o.s.b.web.embedded.tomcat.TomcatWebServer(204) : Tomcat started on port(s): 8080 (http) with context path ''
2020-02-12 21:13:47,328 INFO  com.primeeme.restapi.RestapiauthApplication(61) : Started RestapiauthApplication in 4.768 seconds (JVM running for 5.383)
2020-02-12 21:14:29,405 INFO  o.a.c.c.C.[Tomcat].[localhost].[/](173) : Initializing Spring DispatcherServlet 'dispatcherServlet'
2020-02-12 21:14:29,407 INFO  o.s.web.servlet.DispatcherServlet(525) : Initializing Servlet 'dispatcherServlet'
2020-02-12 21:14:29,414 INFO  o.s.web.servlet.DispatcherServlet(547) : Completed initialization in 6 ms
2020-02-12 21:18:13,232 WARN  o.s.w.s.m.s.DefaultHandlerExceptionResolver(199) : Resolved [org.springframework.http.converter.HttpMessageNotWritableException: No converter found for return value of type: class com.primeeme.restapi.model.Contact]
2020-02-12 21:26:07,879 INFO  o.s.s.concurrent.ThreadPoolTaskExecutor(208) : Shutting down ExecutorService 'applicationTaskExecutor'
2020-02-12 21:26:07,935 INFO  com.alibaba.druid.pool.DruidDataSource(1825) : {dataSource-1} closed
2020-02-12 21:26:12,199 INFO  com.primeeme.restapi.RestapiauthApplication(55) : Starting RestapiauthApplication on xkongs-iMac.local with PID 7610 (/Users/xkong/Desktop/EME_Rest_API_auth/restapi/target/classes started by xkong in /Users/xkong/Desktop/EME_Rest_API_auth)
2020-02-12 21:26:12,202 INFO  com.primeeme.restapi.RestapiauthApplication(655) : The following profiles are active: dev
2020-02-12 21:26:12,284 INFO  o.s.b.d.e.DevToolsPropertyDefaultsPostProcessor(225) : Devtools property defaults active! Set 'spring.devtools.add-properties' to 'false' to disable
2020-02-12 21:26:12,284 INFO  o.s.b.d.e.DevToolsPropertyDefaultsPostProcessor(225) : For additional web related logging consider setting the 'logging.level.web' property to 'DEBUG'
2020-02-12 21:26:13,550 INFO  o.s.b.web.embedded.tomcat.TomcatWebServer(92) : Tomcat initialized with port(s): 8080 (http)
2020-02-12 21:26:13,561 INFO  org.apache.coyote.http11.Http11NioProtocol(173) : Initializing ProtocolHandler ["http-nio-8080"]
2020-02-12 21:26:13,562 INFO  org.apache.catalina.core.StandardService(173) : Starting service [Tomcat]
2020-02-12 21:26:13,562 INFO  org.apache.catalina.core.StandardEngine(173) : Starting Servlet engine: [Apache Tomcat/9.0.30]
2020-02-12 21:26:13,636 INFO  o.a.c.c.C.[Tomcat].[localhost].[/](173) : Initializing Spring embedded WebApplicationContext
2020-02-12 21:26:13,636 INFO  o.springframework.web.context.ContextLoader(284) : Root WebApplicationContext: initialization completed in 1352 ms
2020-02-12 21:26:13,794 INFO  c.a.d.s.b.a.DruidDataSourceAutoConfigure(56) : Init DruidDataSource
2020-02-12 21:26:16,560 INFO  com.alibaba.druid.pool.DruidDataSource(930) : {dataSource-1} inited
2020-02-12 21:26:16,722 INFO  o.s.s.concurrent.ThreadPoolTaskExecutor(171) : Initializing ExecutorService 'applicationTaskExecutor'
2020-02-12 21:26:16,881 INFO  o.s.b.d.a.OptionalLiveReloadServer(58) : LiveReload server is running on port 35729
2020-02-12 21:26:16,913 INFO  org.apache.coyote.http11.Http11NioProtocol(173) : Starting ProtocolHandler ["http-nio-8080"]
2020-02-12 21:26:16,960 INFO  o.s.b.web.embedded.tomcat.TomcatWebServer(204) : Tomcat started on port(s): 8080 (http) with context path ''
2020-02-12 21:26:16,964 INFO  com.primeeme.restapi.RestapiauthApplication(61) : Started RestapiauthApplication in 5.472 seconds (JVM running for 6.123)
2020-02-12 21:26:28,584 INFO  o.a.c.c.C.[Tomcat].[localhost].[/](173) : Initializing Spring DispatcherServlet 'dispatcherServlet'
2020-02-12 21:26:28,585 INFO  o.s.web.servlet.DispatcherServlet(525) : Initializing Servlet 'dispatcherServlet'
2020-02-12 21:26:28,600 INFO  o.s.web.servlet.DispatcherServlet(547) : Completed initialization in 15 ms
2020-02-12 21:26:28,996 WARN  o.s.w.s.m.s.DefaultHandlerExceptionResolver(199) : Resolved [org.springframework.http.converter.HttpMessageNotWritableException: No converter found for return value of type: class com.primeeme.restapi.model.Contact]
2020-02-12 21:27:59,508 INFO  o.s.s.concurrent.ThreadPoolTaskExecutor(208) : Shutting down ExecutorService 'applicationTaskExecutor'
2020-02-12 21:27:59,537 INFO  com.alibaba.druid.pool.DruidDataSource(1825) : {dataSource-1} closed
2020-02-12 21:28:03,559 INFO  com.primeeme.restapi.RestapiauthApplication(55) : Starting RestapiauthApplication on xkongs-iMac.local with PID 7621 (/Users/xkong/Desktop/EME_Rest_API_auth/restapi/target/classes started by xkong in /Users/xkong/Desktop/EME_Rest_API_auth)
2020-02-12 21:28:03,563 INFO  com.primeeme.restapi.RestapiauthApplication(655) : The following profiles are active: dev
2020-02-12 21:28:03,695 INFO  o.s.b.d.e.DevToolsPropertyDefaultsPostProcessor(225) : Devtools property defaults active! Set 'spring.devtools.add-properties' to 'false' to disable
2020-02-12 21:28:03,695 INFO  o.s.b.d.e.DevToolsPropertyDefaultsPostProcessor(225) : For additional web related logging consider setting the 'logging.level.web' property to 'DEBUG'
2020-02-12 21:28:04,997 INFO  o.s.b.web.embedded.tomcat.TomcatWebServer(92) : Tomcat initialized with port(s): 8080 (http)
2020-02-12 21:28:05,012 INFO  org.apache.coyote.http11.Http11NioProtocol(173) : Initializing ProtocolHandler ["http-nio-8080"]
2020-02-12 21:28:05,012 INFO  org.apache.catalina.core.StandardService(173) : Starting service [Tomcat]
2020-02-12 21:28:05,013 INFO  org.apache.catalina.core.StandardEngine(173) : Starting Servlet engine: [Apache Tomcat/9.0.30]
2020-02-12 21:28:05,082 INFO  o.a.c.c.C.[Tomcat].[localhost].[/](173) : Initializing Spring embedded WebApplicationContext
2020-02-12 21:28:05,082 INFO  o.springframework.web.context.ContextLoader(284) : Root WebApplicationContext: initialization completed in 1387 ms
2020-02-12 21:28:05,219 INFO  c.a.d.s.b.a.DruidDataSourceAutoConfigure(56) : Init DruidDataSource
2020-02-12 21:28:07,748 INFO  com.alibaba.druid.pool.DruidDataSource(930) : {dataSource-1} inited
2020-02-12 21:28:07,929 INFO  o.s.s.concurrent.ThreadPoolTaskExecutor(171) : Initializing ExecutorService 'applicationTaskExecutor'
2020-02-12 21:28:08,104 INFO  o.s.b.d.a.OptionalLiveReloadServer(58) : LiveReload server is running on port 35729
2020-02-12 21:28:08,139 INFO  org.apache.coyote.http11.Http11NioProtocol(173) : Starting ProtocolHandler ["http-nio-8080"]
2020-02-12 21:28:08,186 INFO  o.s.b.web.embedded.tomcat.TomcatWebServer(204) : Tomcat started on port(s): 8080 (http) with context path ''
2020-02-12 21:28:08,191 INFO  com.primeeme.restapi.RestapiauthApplication(61) : Started RestapiauthApplication in 5.275 seconds (JVM running for 5.955)
2020-02-12 21:28:15,132 INFO  o.a.c.c.C.[Tomcat].[localhost].[/](173) : Initializing Spring DispatcherServlet 'dispatcherServlet'
2020-02-12 21:28:15,134 INFO  o.s.web.servlet.DispatcherServlet(525) : Initializing Servlet 'dispatcherServlet'
2020-02-12 21:28:15,142 INFO  o.s.web.servlet.DispatcherServlet(547) : Completed initialization in 8 ms
2020-02-12 21:28:15,481 WARN  o.s.w.s.m.s.DefaultHandlerExceptionResolver(199) : Resolved [org.springframework.http.converter.HttpMessageNotWritableException: No converter found for return value of type: class com.primeeme.restapi.model.Contact]
2020-02-12 21:36:53,668 INFO  o.s.s.concurrent.ThreadPoolTaskExecutor(208) : Shutting down ExecutorService 'applicationTaskExecutor'
2020-02-12 21:36:53,679 INFO  com.alibaba.druid.pool.DruidDataSource(1825) : {dataSource-1} closed
2020-02-12 21:36:59,296 INFO  com.primeeme.restapi.RestapiauthApplication(55) : Starting RestapiauthApplication on xkongs-iMac.local with PID 7640 (/Users/xkong/Desktop/EME_Rest_API_auth/restapi/target/classes started by xkong in /Users/xkong/Desktop/EME_Rest_API_auth)
2020-02-12 21:36:59,299 INFO  com.primeeme.restapi.RestapiauthApplication(655) : The following profiles are active: dev
2020-02-12 21:36:59,351 INFO  o.s.b.d.e.DevToolsPropertyDefaultsPostProcessor(225) : Devtools property defaults active! Set 'spring.devtools.add-properties' to 'false' to disable
2020-02-12 21:36:59,351 INFO  o.s.b.d.e.DevToolsPropertyDefaultsPostProcessor(225) : For additional web related logging consider setting the 'logging.level.web' property to 'DEBUG'
2020-02-12 21:37:01,333 INFO  o.s.b.web.embedded.tomcat.TomcatWebServer(92) : Tomcat initialized with port(s): 8080 (http)
2020-02-12 21:37:01,346 INFO  org.apache.coyote.http11.Http11NioProtocol(173) : Initializing ProtocolHandler ["http-nio-8080"]
2020-02-12 21:37:01,347 INFO  org.apache.catalina.core.StandardService(173) : Starting service [Tomcat]
2020-02-12 21:37:01,347 INFO  org.apache.catalina.core.StandardEngine(173) : Starting Servlet engine: [Apache Tomcat/9.0.30]
2020-02-12 21:37:01,414 INFO  o.a.c.c.C.[Tomcat].[localhost].[/](173) : Initializing Spring embedded WebApplicationContext
2020-02-12 21:37:01,414 INFO  o.springframework.web.context.ContextLoader(284) : Root WebApplicationContext: initialization completed in 2063 ms
2020-02-12 21:37:01,550 INFO  c.a.d.s.b.a.DruidDataSourceAutoConfigure(56) : Init DruidDataSource
2020-02-12 21:37:05,225 INFO  com.alibaba.druid.pool.DruidDataSource(930) : {dataSource-1} inited
2020-02-12 21:37:05,474 INFO  o.s.s.concurrent.ThreadPoolTaskExecutor(171) : Initializing ExecutorService 'applicationTaskExecutor'
2020-02-12 21:37:05,635 INFO  o.s.b.d.a.OptionalLiveReloadServer(58) : LiveReload server is running on port 35729
2020-02-12 21:37:05,667 INFO  org.apache.coyote.http11.Http11NioProtocol(173) : Starting ProtocolHandler ["http-nio-8080"]
2020-02-12 21:37:05,714 INFO  o.s.b.web.embedded.tomcat.TomcatWebServer(204) : Tomcat started on port(s): 8080 (http) with context path ''
2020-02-12 21:37:05,719 INFO  com.primeeme.restapi.RestapiauthApplication(61) : Started RestapiauthApplication in 7.265 seconds (JVM running for 7.945)
2020-02-12 21:37:14,128 INFO  o.a.c.c.C.[Tomcat].[localhost].[/](173) : Initializing Spring DispatcherServlet 'dispatcherServlet'
2020-02-12 21:37:14,131 INFO  o.s.web.servlet.DispatcherServlet(525) : Initializing Servlet 'dispatcherServlet'
2020-02-12 21:37:14,147 INFO  o.s.web.servlet.DispatcherServlet(547) : Completed initialization in 16 ms
2020-02-12 21:37:14,539 WARN  o.s.w.s.m.s.DefaultHandlerExceptionResolver(199) : Resolved [org.springframework.http.converter.HttpMessageNotWritableException: No converter found for return value of type: class com.primeeme.restapi.model.Contact]
2020-02-12 21:38:01,481 INFO  o.s.s.concurrent.ThreadPoolTaskExecutor(208) : Shutting down ExecutorService 'applicationTaskExecutor'
2020-02-12 21:38:01,492 INFO  com.alibaba.druid.pool.DruidDataSource(1825) : {dataSource-1} closed
2020-02-12 21:38:05,787 INFO  com.primeeme.restapi.RestapiauthApplication(55) : Starting RestapiauthApplication on xkongs-iMac.local with PID 7651 (/Users/xkong/Desktop/EME_Rest_API_auth/restapi/target/classes started by xkong in /Users/xkong/Desktop/EME_Rest_API_auth)
2020-02-12 21:38:05,791 INFO  com.primeeme.restapi.RestapiauthApplication(655) : The following profiles are active: dev
2020-02-12 21:38:05,863 INFO  o.s.b.d.e.DevToolsPropertyDefaultsPostProcessor(225) : Devtools property defaults active! Set 'spring.devtools.add-properties' to 'false' to disable
2020-02-12 21:38:05,864 INFO  o.s.b.d.e.DevToolsPropertyDefaultsPostProcessor(225) : For additional web related logging consider setting the 'logging.level.web' property to 'DEBUG'
2020-02-12 21:38:07,263 INFO  o.s.b.web.embedded.tomcat.TomcatWebServer(92) : Tomcat initialized with port(s): 8080 (http)
2020-02-12 21:38:07,273 INFO  org.apache.coyote.http11.Http11NioProtocol(173) : Initializing ProtocolHandler ["http-nio-8080"]
2020-02-12 21:38:07,274 INFO  org.apache.catalina.core.StandardService(173) : Starting service [Tomcat]
2020-02-12 21:38:07,274 INFO  org.apache.catalina.core.StandardEngine(173) : Starting Servlet engine: [Apache Tomcat/9.0.30]
2020-02-12 21:38:07,331 INFO  o.a.c.c.C.[Tomcat].[localhost].[/](173) : Initializing Spring embedded WebApplicationContext
2020-02-12 21:38:07,332 INFO  o.springframework.web.context.ContextLoader(284) : Root WebApplicationContext: initialization completed in 1467 ms
2020-02-12 21:38:07,465 INFO  c.a.d.s.b.a.DruidDataSourceAutoConfigure(56) : Init DruidDataSource
2020-02-12 21:38:09,950 INFO  com.alibaba.druid.pool.DruidDataSource(930) : {dataSource-1} inited
2020-02-12 21:38:10,115 INFO  o.s.s.concurrent.ThreadPoolTaskExecutor(171) : Initializing ExecutorService 'applicationTaskExecutor'
2020-02-12 21:38:10,280 INFO  o.s.b.d.a.OptionalLiveReloadServer(58) : LiveReload server is running on port 35729
2020-02-12 21:38:10,312 INFO  org.apache.coyote.http11.Http11NioProtocol(173) : Starting ProtocolHandler ["http-nio-8080"]
2020-02-12 21:38:10,359 INFO  o.s.b.web.embedded.tomcat.TomcatWebServer(204) : Tomcat started on port(s): 8080 (http) with context path ''
2020-02-12 21:38:10,364 INFO  com.primeeme.restapi.RestapiauthApplication(61) : Started RestapiauthApplication in 5.303 seconds (JVM running for 5.983)
2020-02-12 21:38:19,332 INFO  o.a.c.c.C.[Tomcat].[localhost].[/](173) : Initializing Spring DispatcherServlet 'dispatcherServlet'
2020-02-12 21:38:19,334 INFO  o.s.web.servlet.DispatcherServlet(525) : Initializing Servlet 'dispatcherServlet'
2020-02-12 21:38:19,341 INFO  o.s.web.servlet.DispatcherServlet(547) : Completed initialization in 7 ms
2020-02-12 21:38:19,684 WARN  o.s.w.s.m.s.DefaultHandlerExceptionResolver(199) : Resolved [org.springframework.http.converter.HttpMessageNotWritableException: No converter found for return value of type: class com.primeeme.restapi.model.Contact]
2020-02-12 21:40:46,133 INFO  o.s.s.concurrent.ThreadPoolTaskExecutor(208) : Shutting down ExecutorService 'applicationTaskExecutor'
2020-02-12 21:40:46,158 INFO  com.alibaba.druid.pool.DruidDataSource(1825) : {dataSource-1} closed
2020-02-12 21:40:51,668 INFO  com.primeeme.restapi.RestapiauthApplication(55) : Starting RestapiauthApplication on xkongs-iMac.local with PID 7660 (/Users/xkong/Desktop/EME_Rest_API_auth/restapi/target/classes started by xkong in /Users/xkong/Desktop/EME_Rest_API_auth)
2020-02-12 21:40:51,671 INFO  com.primeeme.restapi.RestapiauthApplication(655) : The following profiles are active: dev
2020-02-12 21:40:51,819 INFO  o.s.b.d.e.DevToolsPropertyDefaultsPostProcessor(225) : Devtools property defaults active! Set 'spring.devtools.add-properties' to 'false' to disable
2020-02-12 21:40:51,820 INFO  o.s.b.d.e.DevToolsPropertyDefaultsPostProcessor(225) : For additional web related logging consider setting the 'logging.level.web' property to 'DEBUG'
2020-02-12 21:40:53,193 INFO  o.s.b.web.embedded.tomcat.TomcatWebServer(92) : Tomcat initialized with port(s): 8080 (http)
2020-02-12 21:40:53,211 INFO  org.apache.coyote.http11.Http11NioProtocol(173) : Initializing ProtocolHandler ["http-nio-8080"]
2020-02-12 21:40:53,211 INFO  org.apache.catalina.core.StandardService(173) : Starting service [Tomcat]
2020-02-12 21:40:53,212 INFO  org.apache.catalina.core.StandardEngine(173) : Starting Servlet engine: [Apache Tomcat/9.0.30]
2020-02-12 21:40:53,277 INFO  o.a.c.c.C.[Tomcat].[localhost].[/](173) : Initializing Spring embedded WebApplicationContext
2020-02-12 21:40:53,278 INFO  o.springframework.web.context.ContextLoader(284) : Root WebApplicationContext: initialization completed in 1457 ms
2020-02-12 21:40:53,427 INFO  c.a.d.s.b.a.DruidDataSourceAutoConfigure(56) : Init DruidDataSource
2020-02-12 21:40:55,817 INFO  com.alibaba.druid.pool.DruidDataSource(930) : {dataSource-1} inited
2020-02-12 21:40:55,983 INFO  o.s.s.concurrent.ThreadPoolTaskExecutor(171) : Initializing ExecutorService 'applicationTaskExecutor'
2020-02-12 21:40:56,129 INFO  o.s.b.d.a.OptionalLiveReloadServer(58) : LiveReload server is running on port 35729
2020-02-12 21:40:56,160 INFO  org.apache.coyote.http11.Http11NioProtocol(173) : Starting ProtocolHandler ["http-nio-8080"]
2020-02-12 21:40:56,207 INFO  o.s.b.web.embedded.tomcat.TomcatWebServer(204) : Tomcat started on port(s): 8080 (http) with context path ''
2020-02-12 21:40:56,211 INFO  com.primeeme.restapi.RestapiauthApplication(61) : Started RestapiauthApplication in 5.282 seconds (JVM running for 5.975)
2020-02-12 21:41:04,840 INFO  o.a.c.c.C.[Tomcat].[localhost].[/](173) : Initializing Spring DispatcherServlet 'dispatcherServlet'
2020-02-12 21:41:04,845 INFO  o.s.web.servlet.DispatcherServlet(525) : Initializing Servlet 'dispatcherServlet'
2020-02-12 21:41:04,852 INFO  o.s.web.servlet.DispatcherServlet(547) : Completed initialization in 6 ms
2020-02-12 21:44:51,206 INFO  o.s.s.concurrent.ThreadPoolTaskExecutor(208) : Shutting down ExecutorService 'applicationTaskExecutor'
2020-02-12 21:44:51,215 INFO  com.alibaba.druid.pool.DruidDataSource(1825) : {dataSource-1} closed
2020-02-12 21:44:56,141 INFO  com.primeeme.restapi.RestapiauthApplication(55) : Starting RestapiauthApplication on xkongs-iMac.local with PID 7674 (/Users/xkong/Desktop/EME_Rest_API_auth/restapi/target/classes started by xkong in /Users/xkong/Desktop/EME_Rest_API_auth)
2020-02-12 21:44:56,144 INFO  com.primeeme.restapi.RestapiauthApplication(655) : The following profiles are active: dev
2020-02-12 21:44:56,196 INFO  o.s.b.d.e.DevToolsPropertyDefaultsPostProcessor(225) : Devtools property defaults active! Set 'spring.devtools.add-properties' to 'false' to disable
2020-02-12 21:44:56,196 INFO  o.s.b.d.e.DevToolsPropertyDefaultsPostProcessor(225) : For additional web related logging consider setting the 'logging.level.web' property to 'DEBUG'
2020-02-12 21:44:57,590 INFO  o.s.b.web.embedded.tomcat.TomcatWebServer(92) : Tomcat initialized with port(s): 8080 (http)
2020-02-12 21:44:57,603 INFO  org.apache.coyote.http11.Http11NioProtocol(173) : Initializing ProtocolHandler ["http-nio-8080"]
2020-02-12 21:44:57,604 INFO  org.apache.catalina.core.StandardService(173) : Starting service [Tomcat]
2020-02-12 21:44:57,604 INFO  org.apache.catalina.core.StandardEngine(173) : Starting Servlet engine: [Apache Tomcat/9.0.30]
2020-02-12 21:44:57,668 INFO  o.a.c.c.C.[Tomcat].[localhost].[/](173) : Initializing Spring embedded WebApplicationContext
2020-02-12 21:44:57,668 INFO  o.springframework.web.context.ContextLoader(284) : Root WebApplicationContext: initialization completed in 1472 ms
2020-02-12 21:44:57,817 INFO  c.a.d.s.b.a.DruidDataSourceAutoConfigure(56) : Init DruidDataSource
2020-02-12 21:45:00,343 INFO  com.alibaba.druid.pool.DruidDataSource(930) : {dataSource-1} inited
2020-02-12 21:45:00,506 INFO  o.s.s.concurrent.ThreadPoolTaskExecutor(171) : Initializing ExecutorService 'applicationTaskExecutor'
2020-02-12 21:45:00,684 INFO  o.s.b.d.a.OptionalLiveReloadServer(58) : LiveReload server is running on port 35729
2020-02-12 21:45:00,715 INFO  org.apache.coyote.http11.Http11NioProtocol(173) : Starting ProtocolHandler ["http-nio-8080"]
2020-02-12 21:45:00,767 INFO  o.s.b.web.embedded.tomcat.TomcatWebServer(204) : Tomcat started on port(s): 8080 (http) with context path ''
2020-02-12 21:45:00,771 INFO  com.primeeme.restapi.RestapiauthApplication(61) : Started RestapiauthApplication in 5.491 seconds (JVM running for 6.146)
2020-02-12 21:45:21,097 INFO  o.a.c.c.C.[Tomcat].[localhost].[/](173) : Initializing Spring DispatcherServlet 'dispatcherServlet'
2020-02-12 21:45:21,098 INFO  o.s.web.servlet.DispatcherServlet(525) : Initializing Servlet 'dispatcherServlet'
2020-02-12 21:45:21,109 INFO  o.s.web.servlet.DispatcherServlet(547) : Completed initialization in 10 ms
