2020-02-19 23:21:34,671 INFO  com.primeeme.restapi.RestapiauthApplication(55) : Starting RestapiauthApplication on xkongs-iMac.local with PID 19132 (/Users/xkong/Desktop/EME_Rest_API_auth/restapi/target/classes started by xkong in /Users/xkong/Desktop/EME_Rest_API_auth)
2020-02-19 23:21:34,675 INFO  com.primeeme.restapi.RestapiauthApplication(655) : The following profiles are active: dev
2020-02-19 23:21:34,738 INFO  o.s.b.d.e.DevToolsPropertyDefaultsPostProcessor(225) : Devtools property defaults active! Set 'spring.devtools.add-properties' to 'false' to disable
2020-02-19 23:21:34,738 INFO  o.s.b.d.e.DevToolsPropertyDefaultsPostProcessor(225) : For additional web related logging consider setting the 'logging.level.web' property to 'DEBUG'
2020-02-19 23:21:36,089 INFO  o.s.b.web.embedded.tomcat.TomcatWebServer(92) : Tomcat initialized with port(s): 8080 (http)
2020-02-19 23:21:36,102 INFO  org.apache.coyote.http11.Http11NioProtocol(173) : Initializing ProtocolHandler ["http-nio-8080"]
2020-02-19 23:21:36,103 INFO  org.apache.catalina.core.StandardService(173) : Starting service [Tomcat]
2020-02-19 23:21:36,103 INFO  org.apache.catalina.core.StandardEngine(173) : Starting Servlet engine: [Apache Tomcat/9.0.30]
2020-02-19 23:21:36,191 INFO  o.a.c.c.C.[Tomcat].[localhost].[/](173) : Initializing Spring embedded WebApplicationContext
2020-02-19 23:21:36,191 INFO  o.springframework.web.context.ContextLoader(284) : Root WebApplicationContext: initialization completed in 1453 ms
2020-02-19 23:21:36,367 INFO  c.a.d.s.b.a.DruidDataSourceAutoConfigure(56) : Init DruidDataSource
2020-02-19 23:21:38,896 INFO  com.alibaba.druid.pool.DruidDataSource(930) : {dataSource-1} inited
2020-02-19 23:21:39,256 INFO  o.s.s.concurrent.ThreadPoolTaskExecutor(171) : Initializing ExecutorService 'applicationTaskExecutor'
2020-02-19 23:21:39,480 INFO  o.s.b.d.a.OptionalLiveReloadServer(58) : LiveReload server is running on port 35729
2020-02-19 23:21:39,521 INFO  org.apache.coyote.http11.Http11NioProtocol(173) : Starting ProtocolHandler ["http-nio-8080"]
2020-02-19 23:21:39,586 INFO  o.s.b.web.embedded.tomcat.TomcatWebServer(204) : Tomcat started on port(s): 8080 (http) with context path ''
2020-02-19 23:21:39,593 INFO  com.primeeme.restapi.RestapiauthApplication(61) : Started RestapiauthApplication in 5.904 seconds (JVM running for 7.223)
2020-02-19 23:22:00,540 INFO  o.a.c.c.C.[Tomcat].[localhost].[/](173) : Initializing Spring DispatcherServlet 'dispatcherServlet'
2020-02-19 23:22:00,541 INFO  o.s.web.servlet.DispatcherServlet(525) : Initializing Servlet 'dispatcherServlet'
2020-02-19 23:22:00,550 INFO  o.s.web.servlet.DispatcherServlet(547) : Completed initialization in 9 ms
2020-02-19 23:24:02,204 INFO  o.s.s.concurrent.ThreadPoolTaskExecutor(208) : Shutting down ExecutorService 'applicationTaskExecutor'
2020-02-19 23:24:02,216 INFO  com.alibaba.druid.pool.DruidDataSource(1825) : {dataSource-1} closed
2020-02-19 23:24:08,195 INFO  com.primeeme.restapi.RestapiauthApplication(55) : Starting RestapiauthApplication on xkongs-iMac.local with PID 19233 (/Users/xkong/Desktop/EME_Rest_API_auth/restapi/target/classes started by xkong in /Users/xkong/Desktop/EME_Rest_API_auth)
2020-02-19 23:24:08,198 INFO  com.primeeme.restapi.RestapiauthApplication(655) : The following profiles are active: dev
2020-02-19 23:24:08,258 INFO  o.s.b.d.e.DevToolsPropertyDefaultsPostProcessor(225) : Devtools property defaults active! Set 'spring.devtools.add-properties' to 'false' to disable
2020-02-19 23:24:08,258 INFO  o.s.b.d.e.DevToolsPropertyDefaultsPostProcessor(225) : For additional web related logging consider setting the 'logging.level.web' property to 'DEBUG'
2020-02-19 23:24:09,477 INFO  o.s.b.web.embedded.tomcat.TomcatWebServer(92) : Tomcat initialized with port(s): 8080 (http)
2020-02-19 23:24:09,489 INFO  org.apache.coyote.http11.Http11NioProtocol(173) : Initializing ProtocolHandler ["http-nio-8080"]
2020-02-19 23:24:09,490 INFO  org.apache.catalina.core.StandardService(173) : Starting service [Tomcat]
2020-02-19 23:24:09,490 INFO  org.apache.catalina.core.StandardEngine(173) : Starting Servlet engine: [Apache Tomcat/9.0.30]
2020-02-19 23:24:09,556 INFO  o.a.c.c.C.[Tomcat].[localhost].[/](173) : Initializing Spring embedded WebApplicationContext
2020-02-19 23:24:09,557 INFO  o.springframework.web.context.ContextLoader(284) : Root WebApplicationContext: initialization completed in 1299 ms
2020-02-19 23:24:09,693 INFO  c.a.d.s.b.a.DruidDataSourceAutoConfigure(56) : Init DruidDataSource
2020-02-19 23:24:13,106 INFO  com.alibaba.druid.pool.DruidDataSource(930) : {dataSource-1} inited
2020-02-19 23:24:13,328 INFO  o.s.s.concurrent.ThreadPoolTaskExecutor(171) : Initializing ExecutorService 'applicationTaskExecutor'
2020-02-19 23:24:13,471 INFO  o.s.b.d.a.OptionalLiveReloadServer(58) : LiveReload server is running on port 35729
2020-02-19 23:24:13,502 INFO  org.apache.coyote.http11.Http11NioProtocol(173) : Starting ProtocolHandler ["http-nio-8080"]
2020-02-19 23:24:13,547 INFO  o.s.b.web.embedded.tomcat.TomcatWebServer(204) : Tomcat started on port(s): 8080 (http) with context path ''
2020-02-19 23:24:13,552 INFO  com.primeeme.restapi.RestapiauthApplication(61) : Started RestapiauthApplication in 6.105 seconds (JVM running for 6.725)
2020-02-19 23:24:23,165 INFO  o.a.c.c.C.[Tomcat].[localhost].[/](173) : Initializing Spring DispatcherServlet 'dispatcherServlet'
2020-02-19 23:24:23,166 INFO  o.s.web.servlet.DispatcherServlet(525) : Initializing Servlet 'dispatcherServlet'
2020-02-19 23:24:23,175 INFO  o.s.web.servlet.DispatcherServlet(547) : Completed initialization in 9 ms
2020-02-19 23:27:13,901 INFO  o.s.s.concurrent.ThreadPoolTaskExecutor(208) : Shutting down ExecutorService 'applicationTaskExecutor'
2020-02-19 23:27:13,910 INFO  com.alibaba.druid.pool.DruidDataSource(1825) : {dataSource-1} closed
2020-02-19 23:27:17,722 INFO  com.primeeme.restapi.RestapiauthApplication(55) : Starting RestapiauthApplication on xkongs-iMac.local with PID 19252 (/Users/xkong/Desktop/EME_Rest_API_auth/restapi/target/classes started by xkong in /Users/xkong/Desktop/EME_Rest_API_auth)
2020-02-19 23:27:17,725 INFO  com.primeeme.restapi.RestapiauthApplication(655) : The following profiles are active: dev
2020-02-19 23:27:17,811 INFO  o.s.b.d.e.DevToolsPropertyDefaultsPostProcessor(225) : Devtools property defaults active! Set 'spring.devtools.add-properties' to 'false' to disable
2020-02-19 23:27:17,812 INFO  o.s.b.d.e.DevToolsPropertyDefaultsPostProcessor(225) : For additional web related logging consider setting the 'logging.level.web' property to 'DEBUG'
2020-02-19 23:27:19,168 INFO  o.s.b.web.embedded.tomcat.TomcatWebServer(92) : Tomcat initialized with port(s): 8080 (http)
2020-02-19 23:27:19,181 INFO  org.apache.coyote.http11.Http11NioProtocol(173) : Initializing ProtocolHandler ["http-nio-8080"]
2020-02-19 23:27:19,182 INFO  org.apache.catalina.core.StandardService(173) : Starting service [Tomcat]
2020-02-19 23:27:19,182 INFO  org.apache.catalina.core.StandardEngine(173) : Starting Servlet engine: [Apache Tomcat/9.0.30]
2020-02-19 23:27:19,255 INFO  o.a.c.c.C.[Tomcat].[localhost].[/](173) : Initializing Spring embedded WebApplicationContext
2020-02-19 23:27:19,255 INFO  o.springframework.web.context.ContextLoader(284) : Root WebApplicationContext: initialization completed in 1442 ms
2020-02-19 23:27:19,413 INFO  c.a.d.s.b.a.DruidDataSourceAutoConfigure(56) : Init DruidDataSource
2020-02-19 23:27:21,679 INFO  com.alibaba.druid.pool.DruidDataSource(930) : {dataSource-1} inited
2020-02-19 23:27:21,907 INFO  o.s.s.concurrent.ThreadPoolTaskExecutor(171) : Initializing ExecutorService 'applicationTaskExecutor'
2020-02-19 23:27:22,049 INFO  o.s.b.d.a.OptionalLiveReloadServer(58) : LiveReload server is running on port 35729
2020-02-19 23:27:22,079 INFO  org.apache.coyote.http11.Http11NioProtocol(173) : Starting ProtocolHandler ["http-nio-8080"]
2020-02-19 23:27:22,121 INFO  o.s.b.web.embedded.tomcat.TomcatWebServer(204) : Tomcat started on port(s): 8080 (http) with context path ''
2020-02-19 23:27:22,126 INFO  com.primeeme.restapi.RestapiauthApplication(61) : Started RestapiauthApplication in 5.108 seconds (JVM running for 5.679)
2020-02-19 23:28:36,938 INFO  o.a.c.c.C.[Tomcat].[localhost].[/](173) : Initializing Spring DispatcherServlet 'dispatcherServlet'
2020-02-19 23:28:36,939 INFO  o.s.web.servlet.DispatcherServlet(525) : Initializing Servlet 'dispatcherServlet'
2020-02-19 23:28:36,952 INFO  o.s.web.servlet.DispatcherServlet(547) : Completed initialization in 13 ms
2020-02-19 23:36:48,043 INFO  o.s.s.concurrent.ThreadPoolTaskExecutor(208) : Shutting down ExecutorService 'applicationTaskExecutor'
2020-02-19 23:36:48,071 INFO  com.alibaba.druid.pool.DruidDataSource(1825) : {dataSource-1} closed
2020-02-19 23:36:51,902 INFO  com.primeeme.restapi.RestapiauthApplication(55) : Starting RestapiauthApplication on xkongs-iMac.local with PID 19274 (/Users/xkong/Desktop/EME_Rest_API_auth/restapi/target/classes started by xkong in /Users/xkong/Desktop/EME_Rest_API_auth)
2020-02-19 23:36:51,905 INFO  com.primeeme.restapi.RestapiauthApplication(655) : The following profiles are active: dev
2020-02-19 23:36:51,966 INFO  o.s.b.d.e.DevToolsPropertyDefaultsPostProcessor(225) : Devtools property defaults active! Set 'spring.devtools.add-properties' to 'false' to disable
2020-02-19 23:36:51,967 INFO  o.s.b.d.e.DevToolsPropertyDefaultsPostProcessor(225) : For additional web related logging consider setting the 'logging.level.web' property to 'DEBUG'
2020-02-19 23:36:53,459 INFO  o.s.b.web.embedded.tomcat.TomcatWebServer(92) : Tomcat initialized with port(s): 8080 (http)
2020-02-19 23:36:53,473 INFO  org.apache.coyote.http11.Http11NioProtocol(173) : Initializing ProtocolHandler ["http-nio-8080"]
2020-02-19 23:36:53,474 INFO  org.apache.catalina.core.StandardService(173) : Starting service [Tomcat]
2020-02-19 23:36:53,474 INFO  org.apache.catalina.core.StandardEngine(173) : Starting Servlet engine: [Apache Tomcat/9.0.30]
2020-02-19 23:36:53,570 INFO  o.a.c.c.C.[Tomcat].[localhost].[/](173) : Initializing Spring embedded WebApplicationContext
2020-02-19 23:36:53,570 INFO  o.springframework.web.context.ContextLoader(284) : Root WebApplicationContext: initialization completed in 1603 ms
2020-02-19 23:36:53,741 INFO  c.a.d.s.b.a.DruidDataSourceAutoConfigure(56) : Init DruidDataSource
2020-02-19 23:36:56,144 INFO  com.alibaba.druid.pool.DruidDataSource(930) : {dataSource-1} inited
2020-02-19 23:36:56,375 INFO  o.s.s.concurrent.ThreadPoolTaskExecutor(171) : Initializing ExecutorService 'applicationTaskExecutor'
2020-02-19 23:36:56,510 INFO  o.s.b.d.a.OptionalLiveReloadServer(58) : LiveReload server is running on port 35729
2020-02-19 23:36:56,541 INFO  org.apache.coyote.http11.Http11NioProtocol(173) : Starting ProtocolHandler ["http-nio-8080"]
2020-02-19 23:36:56,584 INFO  o.s.b.web.embedded.tomcat.TomcatWebServer(204) : Tomcat started on port(s): 8080 (http) with context path ''
2020-02-19 23:36:56,588 INFO  com.primeeme.restapi.RestapiauthApplication(61) : Started RestapiauthApplication in 5.283 seconds (JVM running for 5.839)
2020-02-19 23:37:05,182 INFO  o.a.c.c.C.[Tomcat].[localhost].[/](173) : Initializing Spring DispatcherServlet 'dispatcherServlet'
2020-02-19 23:37:05,183 INFO  o.s.web.servlet.DispatcherServlet(525) : Initializing Servlet 'dispatcherServlet'
2020-02-19 23:37:05,191 INFO  o.s.web.servlet.DispatcherServlet(547) : Completed initialization in 8 ms
2020-02-19 23:42:46,271 INFO  o.s.s.concurrent.ThreadPoolTaskExecutor(208) : Shutting down ExecutorService 'applicationTaskExecutor'
2020-02-19 23:42:46,300 INFO  com.alibaba.druid.pool.DruidDataSource(1825) : {dataSource-1} closed
2020-02-19 23:42:50,105 INFO  com.primeeme.restapi.RestapiauthApplication(55) : Starting RestapiauthApplication on xkongs-iMac.local with PID 19286 (/Users/xkong/Desktop/EME_Rest_API_auth/restapi/target/classes started by xkong in /Users/xkong/Desktop/EME_Rest_API_auth)
2020-02-19 23:42:50,110 INFO  com.primeeme.restapi.RestapiauthApplication(655) : The following profiles are active: dev
2020-02-19 23:42:50,162 INFO  o.s.b.d.e.DevToolsPropertyDefaultsPostProcessor(225) : Devtools property defaults active! Set 'spring.devtools.add-properties' to 'false' to disable
2020-02-19 23:42:50,162 INFO  o.s.b.d.e.DevToolsPropertyDefaultsPostProcessor(225) : For additional web related logging consider setting the 'logging.level.web' property to 'DEBUG'
2020-02-19 23:42:51,607 INFO  o.s.b.web.embedded.tomcat.TomcatWebServer(92) : Tomcat initialized with port(s): 8080 (http)
2020-02-19 23:42:51,620 INFO  org.apache.coyote.http11.Http11NioProtocol(173) : Initializing ProtocolHandler ["http-nio-8080"]
2020-02-19 23:42:51,620 INFO  org.apache.catalina.core.StandardService(173) : Starting service [Tomcat]
2020-02-19 23:42:51,620 INFO  org.apache.catalina.core.StandardEngine(173) : Starting Servlet engine: [Apache Tomcat/9.0.30]
2020-02-19 23:42:51,693 INFO  o.a.c.c.C.[Tomcat].[localhost].[/](173) : Initializing Spring embedded WebApplicationContext
2020-02-19 23:42:51,694 INFO  o.springframework.web.context.ContextLoader(284) : Root WebApplicationContext: initialization completed in 1532 ms
2020-02-19 23:42:51,881 INFO  c.a.d.s.b.a.DruidDataSourceAutoConfigure(56) : Init DruidDataSource
2020-02-19 23:42:55,417 INFO  com.alibaba.druid.pool.DruidDataSource(930) : {dataSource-1} inited
2020-02-19 23:42:55,647 INFO  o.s.s.concurrent.ThreadPoolTaskExecutor(171) : Initializing ExecutorService 'applicationTaskExecutor'
2020-02-19 23:42:55,790 INFO  o.s.b.d.a.OptionalLiveReloadServer(58) : LiveReload server is running on port 35729
2020-02-19 23:42:55,821 INFO  org.apache.coyote.http11.Http11NioProtocol(173) : Starting ProtocolHandler ["http-nio-8080"]
2020-02-19 23:42:55,865 INFO  o.s.b.web.embedded.tomcat.TomcatWebServer(204) : Tomcat started on port(s): 8080 (http) with context path ''
2020-02-19 23:42:55,868 INFO  com.primeeme.restapi.RestapiauthApplication(61) : Started RestapiauthApplication in 6.482 seconds (JVM running for 7.041)
2020-02-19 23:43:01,942 INFO  o.a.c.c.C.[Tomcat].[localhost].[/](173) : Initializing Spring DispatcherServlet 'dispatcherServlet'
2020-02-19 23:43:01,943 INFO  o.s.web.servlet.DispatcherServlet(525) : Initializing Servlet 'dispatcherServlet'
2020-02-19 23:43:01,954 INFO  o.s.web.servlet.DispatcherServlet(547) : Completed initialization in 11 ms
2020-02-19 23:45:02,659 INFO  o.s.s.concurrent.ThreadPoolTaskExecutor(208) : Shutting down ExecutorService 'applicationTaskExecutor'
2020-02-19 23:45:02,679 INFO  com.alibaba.druid.pool.DruidDataSource(1825) : {dataSource-1} closed
2020-02-19 23:45:06,521 INFO  com.primeeme.restapi.RestapiauthApplication(55) : Starting RestapiauthApplication on xkongs-iMac.local with PID 19298 (/Users/xkong/Desktop/EME_Rest_API_auth/restapi/target/classes started by xkong in /Users/xkong/Desktop/EME_Rest_API_auth)
2020-02-19 23:45:06,524 INFO  com.primeeme.restapi.RestapiauthApplication(655) : The following profiles are active: dev
2020-02-19 23:45:06,597 INFO  o.s.b.d.e.DevToolsPropertyDefaultsPostProcessor(225) : Devtools property defaults active! Set 'spring.devtools.add-properties' to 'false' to disable
2020-02-19 23:45:06,597 INFO  o.s.b.d.e.DevToolsPropertyDefaultsPostProcessor(225) : For additional web related logging consider setting the 'logging.level.web' property to 'DEBUG'
2020-02-19 23:45:08,094 INFO  o.s.b.web.embedded.tomcat.TomcatWebServer(92) : Tomcat initialized with port(s): 8080 (http)
2020-02-19 23:45:08,113 INFO  org.apache.coyote.http11.Http11NioProtocol(173) : Initializing ProtocolHandler ["http-nio-8080"]
2020-02-19 23:45:08,114 INFO  org.apache.catalina.core.StandardService(173) : Starting service [Tomcat]
2020-02-19 23:45:08,114 INFO  org.apache.catalina.core.StandardEngine(173) : Starting Servlet engine: [Apache Tomcat/9.0.30]
2020-02-19 23:45:08,213 INFO  o.a.c.c.C.[Tomcat].[localhost].[/](173) : Initializing Spring embedded WebApplicationContext
2020-02-19 23:45:08,213 INFO  o.springframework.web.context.ContextLoader(284) : Root WebApplicationContext: initialization completed in 1615 ms
2020-02-19 23:45:08,420 INFO  c.a.d.s.b.a.DruidDataSourceAutoConfigure(56) : Init DruidDataSource
2020-02-19 23:45:10,959 INFO  com.alibaba.druid.pool.DruidDataSource(930) : {dataSource-1} inited
2020-02-19 23:45:11,171 INFO  o.s.s.concurrent.ThreadPoolTaskExecutor(171) : Initializing ExecutorService 'applicationTaskExecutor'
2020-02-19 23:45:11,303 INFO  o.s.b.d.a.OptionalLiveReloadServer(58) : LiveReload server is running on port 35729
2020-02-19 23:45:11,331 INFO  org.apache.coyote.http11.Http11NioProtocol(173) : Starting ProtocolHandler ["http-nio-8080"]
2020-02-19 23:45:11,376 INFO  o.s.b.web.embedded.tomcat.TomcatWebServer(204) : Tomcat started on port(s): 8080 (http) with context path ''
2020-02-19 23:45:11,380 INFO  com.primeeme.restapi.RestapiauthApplication(61) : Started RestapiauthApplication in 5.663 seconds (JVM running for 6.235)
2020-02-19 23:45:15,593 INFO  o.a.c.c.C.[Tomcat].[localhost].[/](173) : Initializing Spring DispatcherServlet 'dispatcherServlet'
2020-02-19 23:45:15,594 INFO  o.s.web.servlet.DispatcherServlet(525) : Initializing Servlet 'dispatcherServlet'
2020-02-19 23:45:15,601 INFO  o.s.web.servlet.DispatcherServlet(547) : Completed initialization in 6 ms
2020-02-19 23:46:07,271 INFO  o.s.s.concurrent.ThreadPoolTaskExecutor(208) : Shutting down ExecutorService 'applicationTaskExecutor'
2020-02-19 23:46:07,281 INFO  com.alibaba.druid.pool.DruidDataSource(1825) : {dataSource-1} closed
2020-02-19 23:46:11,157 INFO  com.primeeme.restapi.RestapiauthApplication(55) : Starting RestapiauthApplication on xkongs-iMac.local with PID 19307 (/Users/xkong/Desktop/EME_Rest_API_auth/restapi/target/classes started by xkong in /Users/xkong/Desktop/EME_Rest_API_auth)
2020-02-19 23:46:11,160 INFO  com.primeeme.restapi.RestapiauthApplication(655) : The following profiles are active: dev
2020-02-19 23:46:11,229 INFO  o.s.b.d.e.DevToolsPropertyDefaultsPostProcessor(225) : Devtools property defaults active! Set 'spring.devtools.add-properties' to 'false' to disable
2020-02-19 23:46:11,229 INFO  o.s.b.d.e.DevToolsPropertyDefaultsPostProcessor(225) : For additional web related logging consider setting the 'logging.level.web' property to 'DEBUG'
2020-02-19 23:46:12,666 INFO  o.s.b.web.embedded.tomcat.TomcatWebServer(92) : Tomcat initialized with port(s): 8080 (http)
2020-02-19 23:46:12,681 INFO  org.apache.coyote.http11.Http11NioProtocol(173) : Initializing ProtocolHandler ["http-nio-8080"]
2020-02-19 23:46:12,682 INFO  org.apache.catalina.core.StandardService(173) : Starting service [Tomcat]
2020-02-19 23:46:12,682 INFO  org.apache.catalina.core.StandardEngine(173) : Starting Servlet engine: [Apache Tomcat/9.0.30]
2020-02-19 23:46:12,765 INFO  o.a.c.c.C.[Tomcat].[localhost].[/](173) : Initializing Spring embedded WebApplicationContext
2020-02-19 23:46:12,766 INFO  o.springframework.web.context.ContextLoader(284) : Root WebApplicationContext: initialization completed in 1536 ms
2020-02-19 23:46:12,918 INFO  c.a.d.s.b.a.DruidDataSourceAutoConfigure(56) : Init DruidDataSource
2020-02-19 23:46:15,163 INFO  com.alibaba.druid.pool.DruidDataSource(930) : {dataSource-1} inited
2020-02-19 23:46:15,400 INFO  o.s.s.concurrent.ThreadPoolTaskExecutor(171) : Initializing ExecutorService 'applicationTaskExecutor'
2020-02-19 23:46:15,536 INFO  o.s.b.d.a.OptionalLiveReloadServer(58) : LiveReload server is running on port 35729
2020-02-19 23:46:15,565 INFO  org.apache.coyote.http11.Http11NioProtocol(173) : Starting ProtocolHandler ["http-nio-8080"]
2020-02-19 23:46:15,608 INFO  o.s.b.web.embedded.tomcat.TomcatWebServer(204) : Tomcat started on port(s): 8080 (http) with context path ''
2020-02-19 23:46:15,612 INFO  com.primeeme.restapi.RestapiauthApplication(61) : Started RestapiauthApplication in 5.1 seconds (JVM running for 5.664)
2020-02-19 23:46:29,990 INFO  o.a.c.c.C.[Tomcat].[localhost].[/](173) : Initializing Spring DispatcherServlet 'dispatcherServlet'
2020-02-19 23:46:29,991 INFO  o.s.web.servlet.DispatcherServlet(525) : Initializing Servlet 'dispatcherServlet'
2020-02-19 23:46:29,997 INFO  o.s.web.servlet.DispatcherServlet(547) : Completed initialization in 5 ms
2020-02-19 23:50:29,991 INFO  o.s.s.concurrent.ThreadPoolTaskExecutor(208) : Shutting down ExecutorService 'applicationTaskExecutor'
2020-02-19 23:50:30,013 INFO  com.alibaba.druid.pool.DruidDataSource(1825) : {dataSource-1} closed
2020-02-19 23:50:34,467 INFO  com.primeeme.restapi.RestapiauthApplication(55) : Starting RestapiauthApplication on xkongs-iMac.local with PID 19319 (/Users/xkong/Desktop/EME_Rest_API_auth/restapi/target/classes started by xkong in /Users/xkong/Desktop/EME_Rest_API_auth)
2020-02-19 23:50:34,473 INFO  com.primeeme.restapi.RestapiauthApplication(655) : The following profiles are active: dev
2020-02-19 23:50:34,624 INFO  o.s.b.d.e.DevToolsPropertyDefaultsPostProcessor(225) : Devtools property defaults active! Set 'spring.devtools.add-properties' to 'false' to disable
2020-02-19 23:50:34,625 INFO  o.s.b.d.e.DevToolsPropertyDefaultsPostProcessor(225) : For additional web related logging consider setting the 'logging.level.web' property to 'DEBUG'
2020-02-19 23:50:36,281 INFO  o.s.b.web.embedded.tomcat.TomcatWebServer(92) : Tomcat initialized with port(s): 8080 (http)
2020-02-19 23:50:36,292 INFO  org.apache.coyote.http11.Http11NioProtocol(173) : Initializing ProtocolHandler ["http-nio-8080"]
2020-02-19 23:50:36,293 INFO  org.apache.catalina.core.StandardService(173) : Starting service [Tomcat]
2020-02-19 23:50:36,293 INFO  org.apache.catalina.core.StandardEngine(173) : Starting Servlet engine: [Apache Tomcat/9.0.30]
2020-02-19 23:50:36,371 INFO  o.a.c.c.C.[Tomcat].[localhost].[/](173) : Initializing Spring embedded WebApplicationContext
2020-02-19 23:50:36,371 INFO  o.springframework.web.context.ContextLoader(284) : Root WebApplicationContext: initialization completed in 1746 ms
2020-02-19 23:50:36,509 INFO  c.a.d.s.b.a.DruidDataSourceAutoConfigure(56) : Init DruidDataSource
2020-02-19 23:50:39,141 INFO  com.alibaba.druid.pool.DruidDataSource(930) : {dataSource-1} inited
2020-02-19 23:50:39,356 INFO  o.s.s.concurrent.ThreadPoolTaskExecutor(171) : Initializing ExecutorService 'applicationTaskExecutor'
2020-02-19 23:50:39,490 INFO  o.s.b.d.a.OptionalLiveReloadServer(58) : LiveReload server is running on port 35729
2020-02-19 23:50:39,518 INFO  org.apache.coyote.http11.Http11NioProtocol(173) : Starting ProtocolHandler ["http-nio-8080"]
2020-02-19 23:50:39,560 INFO  o.s.b.web.embedded.tomcat.TomcatWebServer(204) : Tomcat started on port(s): 8080 (http) with context path ''
2020-02-19 23:50:39,565 INFO  com.primeeme.restapi.RestapiauthApplication(61) : Started RestapiauthApplication in 5.783 seconds (JVM running for 6.334)
2020-02-19 23:50:49,096 INFO  o.a.c.c.C.[Tomcat].[localhost].[/](173) : Initializing Spring DispatcherServlet 'dispatcherServlet'
2020-02-19 23:50:49,097 INFO  o.s.web.servlet.DispatcherServlet(525) : Initializing Servlet 'dispatcherServlet'
2020-02-19 23:50:49,105 INFO  o.s.web.servlet.DispatcherServlet(547) : Completed initialization in 8 ms
2020-02-19 23:52:32,567 INFO  o.s.s.concurrent.ThreadPoolTaskExecutor(208) : Shutting down ExecutorService 'applicationTaskExecutor'
2020-02-19 23:52:32,595 INFO  com.alibaba.druid.pool.DruidDataSource(1825) : {dataSource-1} closed
2020-02-19 23:52:36,331 INFO  com.primeeme.restapi.RestapiauthApplication(55) : Starting RestapiauthApplication on xkongs-iMac.local with PID 19330 (/Users/xkong/Desktop/EME_Rest_API_auth/restapi/target/classes started by xkong in /Users/xkong/Desktop/EME_Rest_API_auth)
2020-02-19 23:52:36,334 INFO  com.primeeme.restapi.RestapiauthApplication(655) : The following profiles are active: dev
2020-02-19 23:52:36,392 INFO  o.s.b.d.e.DevToolsPropertyDefaultsPostProcessor(225) : Devtools property defaults active! Set 'spring.devtools.add-properties' to 'false' to disable
2020-02-19 23:52:36,392 INFO  o.s.b.d.e.DevToolsPropertyDefaultsPostProcessor(225) : For additional web related logging consider setting the 'logging.level.web' property to 'DEBUG'
2020-02-19 23:52:37,554 INFO  o.s.b.web.embedded.tomcat.TomcatWebServer(92) : Tomcat initialized with port(s): 8080 (http)
2020-02-19 23:52:37,589 INFO  org.apache.coyote.http11.Http11NioProtocol(173) : Initializing ProtocolHandler ["http-nio-8080"]
2020-02-19 23:52:37,590 INFO  org.apache.catalina.core.StandardService(173) : Starting service [Tomcat]
2020-02-19 23:52:37,590 INFO  org.apache.catalina.core.StandardEngine(173) : Starting Servlet engine: [Apache Tomcat/9.0.30]
2020-02-19 23:52:37,660 INFO  o.a.c.c.C.[Tomcat].[localhost].[/](173) : Initializing Spring embedded WebApplicationContext
2020-02-19 23:52:37,661 INFO  o.springframework.web.context.ContextLoader(284) : Root WebApplicationContext: initialization completed in 1268 ms
2020-02-19 23:52:37,795 INFO  c.a.d.s.b.a.DruidDataSourceAutoConfigure(56) : Init DruidDataSource
2020-02-19 23:52:40,125 INFO  com.alibaba.druid.pool.DruidDataSource(930) : {dataSource-1} inited
2020-02-19 23:52:40,360 INFO  o.s.s.concurrent.ThreadPoolTaskExecutor(171) : Initializing ExecutorService 'applicationTaskExecutor'
2020-02-19 23:52:40,493 INFO  o.s.b.d.a.OptionalLiveReloadServer(58) : LiveReload server is running on port 35729
2020-02-19 23:52:40,521 INFO  org.apache.coyote.http11.Http11NioProtocol(173) : Starting ProtocolHandler ["http-nio-8080"]
2020-02-19 23:52:40,566 INFO  o.s.b.web.embedded.tomcat.TomcatWebServer(204) : Tomcat started on port(s): 8080 (http) with context path ''
2020-02-19 23:52:40,570 INFO  com.primeeme.restapi.RestapiauthApplication(61) : Started RestapiauthApplication in 4.892 seconds (JVM running for 5.455)
2020-02-19 23:53:08,026 INFO  o.a.c.c.C.[Tomcat].[localhost].[/](173) : Initializing Spring DispatcherServlet 'dispatcherServlet'
2020-02-19 23:53:08,027 INFO  o.s.web.servlet.DispatcherServlet(525) : Initializing Servlet 'dispatcherServlet'
2020-02-19 23:53:08,035 INFO  o.s.web.servlet.DispatcherServlet(547) : Completed initialization in 8 ms
