2020-02-14 00:47:06,313 INFO  com.primeeme.restapi.RestapiauthApplication(55) : Starting RestapiauthApplication on xkongs-iMac.local with PID 10673 (/Users/xkong/Desktop/EME_Rest_API_auth/restapi/target/classes started by xkong in /Users/xkong/Desktop/EME_Rest_API_auth)
2020-02-14 00:47:06,316 INFO  com.primeeme.restapi.RestapiauthApplication(655) : The following profiles are active: dev
2020-02-14 00:47:06,393 INFO  o.s.b.d.e.DevToolsPropertyDefaultsPostProcessor(225) : Devtools property defaults active! Set 'spring.devtools.add-properties' to 'false' to disable
2020-02-14 00:47:06,393 INFO  o.s.b.d.e.DevToolsPropertyDefaultsPostProcessor(225) : For additional web related logging consider setting the 'logging.level.web' property to 'DEBUG'
2020-02-14 00:47:07,696 INFO  o.s.b.web.embedded.tomcat.TomcatWebServer(92) : Tomcat initialized with port(s): 8080 (http)
2020-02-14 00:47:07,741 INFO  org.apache.coyote.http11.Http11NioProtocol(173) : Initializing ProtocolHandler ["http-nio-8080"]
2020-02-14 00:47:07,742 INFO  org.apache.catalina.core.StandardService(173) : Starting service [Tomcat]
2020-02-14 00:47:07,742 INFO  org.apache.catalina.core.StandardEngine(173) : Starting Servlet engine: [Apache Tomcat/9.0.30]
2020-02-14 00:47:07,811 INFO  o.a.c.c.C.[Tomcat].[localhost].[/](173) : Initializing Spring embedded WebApplicationContext
2020-02-14 00:47:07,811 INFO  o.springframework.web.context.ContextLoader(284) : Root WebApplicationContext: initialization completed in 1417 ms
2020-02-14 00:47:07,979 INFO  c.a.d.s.b.a.DruidDataSourceAutoConfigure(56) : Init DruidDataSource
2020-02-14 00:47:11,571 INFO  com.alibaba.druid.pool.DruidDataSource(930) : {dataSource-1} inited
2020-02-14 00:47:11,765 INFO  o.s.s.concurrent.ThreadPoolTaskExecutor(171) : Initializing ExecutorService 'applicationTaskExecutor'
2020-02-14 00:47:11,914 INFO  o.s.b.d.a.OptionalLiveReloadServer(58) : LiveReload server is running on port 35729
2020-02-14 00:47:11,945 INFO  org.apache.coyote.http11.Http11NioProtocol(173) : Starting ProtocolHandler ["http-nio-8080"]
2020-02-14 00:47:11,992 INFO  o.s.b.web.embedded.tomcat.TomcatWebServer(204) : Tomcat started on port(s): 8080 (http) with context path ''
2020-02-14 00:47:11,997 INFO  com.primeeme.restapi.RestapiauthApplication(61) : Started RestapiauthApplication in 6.518 seconds (JVM running for 7.175)
2020-02-14 00:48:06,725 INFO  o.a.c.c.C.[Tomcat].[localhost].[/](173) : Initializing Spring DispatcherServlet 'dispatcherServlet'
2020-02-14 00:48:06,726 INFO  o.s.web.servlet.DispatcherServlet(525) : Initializing Servlet 'dispatcherServlet'
2020-02-14 00:48:06,736 INFO  o.s.web.servlet.DispatcherServlet(547) : Completed initialization in 10 ms
2020-02-14 00:49:56,558 INFO  o.s.s.concurrent.ThreadPoolTaskExecutor(208) : Shutting down ExecutorService 'applicationTaskExecutor'
2020-02-14 00:49:56,567 INFO  com.alibaba.druid.pool.DruidDataSource(1825) : {dataSource-1} closed
2020-02-14 00:50:00,712 INFO  com.primeeme.restapi.RestapiauthApplication(55) : Starting RestapiauthApplication on xkongs-iMac.local with PID 10767 (/Users/xkong/Desktop/EME_Rest_API_auth/restapi/target/classes started by xkong in /Users/xkong/Desktop/EME_Rest_API_auth)
2020-02-14 00:50:00,715 INFO  com.primeeme.restapi.RestapiauthApplication(655) : The following profiles are active: dev
2020-02-14 00:50:00,778 INFO  o.s.b.d.e.DevToolsPropertyDefaultsPostProcessor(225) : Devtools property defaults active! Set 'spring.devtools.add-properties' to 'false' to disable
2020-02-14 00:50:00,779 INFO  o.s.b.d.e.DevToolsPropertyDefaultsPostProcessor(225) : For additional web related logging consider setting the 'logging.level.web' property to 'DEBUG'
2020-02-14 00:50:01,789 INFO  o.s.b.web.embedded.tomcat.TomcatWebServer(92) : Tomcat initialized with port(s): 8080 (http)
2020-02-14 00:50:01,798 INFO  org.apache.coyote.http11.Http11NioProtocol(173) : Initializing ProtocolHandler ["http-nio-8080"]
2020-02-14 00:50:01,799 INFO  org.apache.catalina.core.StandardService(173) : Starting service [Tomcat]
2020-02-14 00:50:01,799 INFO  org.apache.catalina.core.StandardEngine(173) : Starting Servlet engine: [Apache Tomcat/9.0.30]
2020-02-14 00:50:01,851 INFO  o.a.c.c.C.[Tomcat].[localhost].[/](173) : Initializing Spring embedded WebApplicationContext
2020-02-14 00:50:01,851 INFO  o.springframework.web.context.ContextLoader(284) : Root WebApplicationContext: initialization completed in 1068 ms
2020-02-14 00:50:01,960 INFO  c.a.d.s.b.a.DruidDataSourceAutoConfigure(56) : Init DruidDataSource
2020-02-14 00:50:04,513 INFO  com.alibaba.druid.pool.DruidDataSource(930) : {dataSource-1} inited
2020-02-14 00:50:04,661 INFO  o.s.s.concurrent.ThreadPoolTaskExecutor(171) : Initializing ExecutorService 'applicationTaskExecutor'
2020-02-14 00:50:04,782 INFO  o.s.b.d.a.OptionalLiveReloadServer(58) : LiveReload server is running on port 35729
2020-02-14 00:50:04,811 INFO  org.apache.coyote.http11.Http11NioProtocol(173) : Starting ProtocolHandler ["http-nio-8080"]
2020-02-14 00:50:04,854 INFO  o.s.b.web.embedded.tomcat.TomcatWebServer(204) : Tomcat started on port(s): 8080 (http) with context path ''
2020-02-14 00:50:04,858 INFO  com.primeeme.restapi.RestapiauthApplication(61) : Started RestapiauthApplication in 4.7 seconds (JVM running for 5.232)
2020-02-14 00:50:13,470 INFO  o.a.c.c.C.[Tomcat].[localhost].[/](173) : Initializing Spring DispatcherServlet 'dispatcherServlet'
2020-02-14 00:50:13,471 INFO  o.s.web.servlet.DispatcherServlet(525) : Initializing Servlet 'dispatcherServlet'
2020-02-14 00:50:13,477 INFO  o.s.web.servlet.DispatcherServlet(547) : Completed initialization in 6 ms
2020-02-14 00:51:05,512 INFO  o.s.s.concurrent.ThreadPoolTaskExecutor(208) : Shutting down ExecutorService 'applicationTaskExecutor'
2020-02-14 00:51:05,521 INFO  com.alibaba.druid.pool.DruidDataSource(1825) : {dataSource-1} closed
2020-02-14 00:51:08,495 INFO  com.primeeme.restapi.RestapiauthApplication(55) : Starting RestapiauthApplication on xkongs-iMac.local with PID 10778 (/Users/xkong/Desktop/EME_Rest_API_auth/restapi/target/classes started by xkong in /Users/xkong/Desktop/EME_Rest_API_auth)
2020-02-14 00:51:08,498 INFO  com.primeeme.restapi.RestapiauthApplication(655) : The following profiles are active: dev
2020-02-14 00:51:08,545 INFO  o.s.b.d.e.DevToolsPropertyDefaultsPostProcessor(225) : Devtools property defaults active! Set 'spring.devtools.add-properties' to 'false' to disable
2020-02-14 00:51:08,545 INFO  o.s.b.d.e.DevToolsPropertyDefaultsPostProcessor(225) : For additional web related logging consider setting the 'logging.level.web' property to 'DEBUG'
2020-02-14 00:51:09,678 INFO  o.s.b.web.embedded.tomcat.TomcatWebServer(92) : Tomcat initialized with port(s): 8080 (http)
2020-02-14 00:51:09,689 INFO  org.apache.coyote.http11.Http11NioProtocol(173) : Initializing ProtocolHandler ["http-nio-8080"]
2020-02-14 00:51:09,689 INFO  org.apache.catalina.core.StandardService(173) : Starting service [Tomcat]
2020-02-14 00:51:09,689 INFO  org.apache.catalina.core.StandardEngine(173) : Starting Servlet engine: [Apache Tomcat/9.0.30]
2020-02-14 00:51:09,749 INFO  o.a.c.c.C.[Tomcat].[localhost].[/](173) : Initializing Spring embedded WebApplicationContext
2020-02-14 00:51:09,749 INFO  o.springframework.web.context.ContextLoader(284) : Root WebApplicationContext: initialization completed in 1203 ms
2020-02-14 00:51:09,871 INFO  c.a.d.s.b.a.DruidDataSourceAutoConfigure(56) : Init DruidDataSource
2020-02-14 00:51:12,099 INFO  com.alibaba.druid.pool.DruidDataSource(930) : {dataSource-1} inited
2020-02-14 00:51:12,242 INFO  o.s.s.concurrent.ThreadPoolTaskExecutor(171) : Initializing ExecutorService 'applicationTaskExecutor'
2020-02-14 00:51:12,362 INFO  o.s.b.d.a.OptionalLiveReloadServer(58) : LiveReload server is running on port 35729
2020-02-14 00:51:12,391 INFO  org.apache.coyote.http11.Http11NioProtocol(173) : Starting ProtocolHandler ["http-nio-8080"]
2020-02-14 00:51:12,432 INFO  o.s.b.web.embedded.tomcat.TomcatWebServer(204) : Tomcat started on port(s): 8080 (http) with context path ''
2020-02-14 00:51:12,436 INFO  com.primeeme.restapi.RestapiauthApplication(61) : Started RestapiauthApplication in 4.4 seconds (JVM running for 4.928)
2020-02-14 00:51:20,449 INFO  o.a.c.c.C.[Tomcat].[localhost].[/](173) : Initializing Spring DispatcherServlet 'dispatcherServlet'
2020-02-14 00:51:20,450 INFO  o.s.web.servlet.DispatcherServlet(525) : Initializing Servlet 'dispatcherServlet'
2020-02-14 00:51:20,455 INFO  o.s.web.servlet.DispatcherServlet(547) : Completed initialization in 5 ms
2020-02-14 01:20:06,718 INFO  o.s.s.concurrent.ThreadPoolTaskExecutor(208) : Shutting down ExecutorService 'applicationTaskExecutor'
2020-02-14 01:20:06,741 INFO  com.alibaba.druid.pool.DruidDataSource(1825) : {dataSource-1} closed
2020-02-14 01:20:13,338 INFO  com.primeeme.restapi.RestapiauthApplication(55) : Starting RestapiauthApplication on xkongs-iMac.local with PID 10858 (/Users/xkong/Desktop/EME_Rest_API_auth/restapi/target/classes started by xkong in /Users/xkong/Desktop/EME_Rest_API_auth)
2020-02-14 01:20:13,342 INFO  com.primeeme.restapi.RestapiauthApplication(655) : The following profiles are active: dev
2020-02-14 01:20:13,430 INFO  o.s.b.d.e.DevToolsPropertyDefaultsPostProcessor(225) : Devtools property defaults active! Set 'spring.devtools.add-properties' to 'false' to disable
2020-02-14 01:20:13,431 INFO  o.s.b.d.e.DevToolsPropertyDefaultsPostProcessor(225) : For additional web related logging consider setting the 'logging.level.web' property to 'DEBUG'
2020-02-14 01:20:14,697 INFO  o.s.b.web.embedded.tomcat.TomcatWebServer(92) : Tomcat initialized with port(s): 8080 (http)
2020-02-14 01:20:14,708 INFO  org.apache.coyote.http11.Http11NioProtocol(173) : Initializing ProtocolHandler ["http-nio-8080"]
2020-02-14 01:20:14,708 INFO  org.apache.catalina.core.StandardService(173) : Starting service [Tomcat]
2020-02-14 01:20:14,708 INFO  org.apache.catalina.core.StandardEngine(173) : Starting Servlet engine: [Apache Tomcat/9.0.30]
2020-02-14 01:20:14,835 INFO  o.a.c.c.C.[Tomcat].[localhost].[/](173) : Initializing Spring embedded WebApplicationContext
2020-02-14 01:20:14,835 INFO  o.springframework.web.context.ContextLoader(284) : Root WebApplicationContext: initialization completed in 1404 ms
2020-02-14 01:20:14,960 INFO  c.a.d.s.b.a.DruidDataSourceAutoConfigure(56) : Init DruidDataSource
2020-02-14 01:20:18,554 INFO  com.alibaba.druid.pool.DruidDataSource(930) : {dataSource-1} inited
2020-02-14 01:20:18,727 INFO  o.s.s.concurrent.ThreadPoolTaskExecutor(171) : Initializing ExecutorService 'applicationTaskExecutor'
2020-02-14 01:20:18,872 INFO  o.s.b.d.a.OptionalLiveReloadServer(58) : LiveReload server is running on port 35729
2020-02-14 01:20:18,908 INFO  org.apache.coyote.http11.Http11NioProtocol(173) : Starting ProtocolHandler ["http-nio-8080"]
2020-02-14 01:20:18,951 INFO  o.s.b.web.embedded.tomcat.TomcatWebServer(204) : Tomcat started on port(s): 8080 (http) with context path ''
2020-02-14 01:20:18,954 INFO  com.primeeme.restapi.RestapiauthApplication(61) : Started RestapiauthApplication in 6.252 seconds (JVM running for 6.819)
2020-02-14 01:26:38,877 INFO  o.s.s.concurrent.ThreadPoolTaskExecutor(208) : Shutting down ExecutorService 'applicationTaskExecutor'
2020-02-14 01:26:38,891 INFO  com.alibaba.druid.pool.DruidDataSource(1825) : {dataSource-1} closed
2020-02-14 01:26:41,631 INFO  com.primeeme.restapi.RestapiauthApplication(55) : Starting RestapiauthApplication on xkongs-iMac.local with PID 10872 (/Users/xkong/Desktop/EME_Rest_API_auth/restapi/target/classes started by xkong in /Users/xkong/Desktop/EME_Rest_API_auth)
2020-02-14 01:26:41,633 INFO  com.primeeme.restapi.RestapiauthApplication(655) : The following profiles are active: dev
2020-02-14 01:26:41,685 INFO  o.s.b.d.e.DevToolsPropertyDefaultsPostProcessor(225) : Devtools property defaults active! Set 'spring.devtools.add-properties' to 'false' to disable
2020-02-14 01:26:41,686 INFO  o.s.b.d.e.DevToolsPropertyDefaultsPostProcessor(225) : For additional web related logging consider setting the 'logging.level.web' property to 'DEBUG'
2020-02-14 01:26:42,929 INFO  o.s.b.web.embedded.tomcat.TomcatWebServer(92) : Tomcat initialized with port(s): 8080 (http)
2020-02-14 01:26:42,939 INFO  org.apache.coyote.http11.Http11NioProtocol(173) : Initializing ProtocolHandler ["http-nio-8080"]
2020-02-14 01:26:42,940 INFO  org.apache.catalina.core.StandardService(173) : Starting service [Tomcat]
2020-02-14 01:26:42,940 INFO  org.apache.catalina.core.StandardEngine(173) : Starting Servlet engine: [Apache Tomcat/9.0.30]
2020-02-14 01:26:42,998 INFO  o.a.c.c.C.[Tomcat].[localhost].[/](173) : Initializing Spring embedded WebApplicationContext
2020-02-14 01:26:42,998 INFO  o.springframework.web.context.ContextLoader(284) : Root WebApplicationContext: initialization completed in 1312 ms
2020-02-14 01:26:43,125 INFO  c.a.d.s.b.a.DruidDataSourceAutoConfigure(56) : Init DruidDataSource
2020-02-14 01:26:46,544 INFO  com.alibaba.druid.pool.DruidDataSource(930) : {dataSource-1} inited
2020-02-14 01:26:46,701 INFO  o.s.s.concurrent.ThreadPoolTaskExecutor(171) : Initializing ExecutorService 'applicationTaskExecutor'
2020-02-14 01:26:46,845 INFO  o.s.b.d.a.OptionalLiveReloadServer(58) : LiveReload server is running on port 35729
2020-02-14 01:26:46,874 INFO  org.apache.coyote.http11.Http11NioProtocol(173) : Starting ProtocolHandler ["http-nio-8080"]
2020-02-14 01:26:46,915 INFO  o.s.b.web.embedded.tomcat.TomcatWebServer(204) : Tomcat started on port(s): 8080 (http) with context path ''
2020-02-14 01:26:46,919 INFO  com.primeeme.restapi.RestapiauthApplication(61) : Started RestapiauthApplication in 5.956 seconds (JVM running for 6.516)
2020-02-14 01:29:23,593 INFO  o.a.c.c.C.[Tomcat].[localhost].[/](173) : Initializing Spring DispatcherServlet 'dispatcherServlet'
2020-02-14 01:29:23,600 INFO  o.s.web.servlet.DispatcherServlet(525) : Initializing Servlet 'dispatcherServlet'
2020-02-14 01:29:23,608 INFO  o.s.web.servlet.DispatcherServlet(547) : Completed initialization in 8 ms
2020-02-14 01:39:37,155 INFO  o.s.s.concurrent.ThreadPoolTaskExecutor(208) : Shutting down ExecutorService 'applicationTaskExecutor'
2020-02-14 01:39:37,181 INFO  com.alibaba.druid.pool.DruidDataSource(1825) : {dataSource-1} closed
2020-02-14 01:39:44,064 INFO  com.primeeme.restapi.RestapiauthApplication(55) : Starting RestapiauthApplication on xkongs-iMac.local with PID 10899 (/Users/xkong/Desktop/EME_Rest_API_auth/restapi/target/classes started by xkong in /Users/xkong/Desktop/EME_Rest_API_auth)
2020-02-14 01:39:44,067 INFO  com.primeeme.restapi.RestapiauthApplication(655) : The following profiles are active: dev
2020-02-14 01:39:44,134 INFO  o.s.b.d.e.DevToolsPropertyDefaultsPostProcessor(225) : Devtools property defaults active! Set 'spring.devtools.add-properties' to 'false' to disable
2020-02-14 01:39:44,135 INFO  o.s.b.d.e.DevToolsPropertyDefaultsPostProcessor(225) : For additional web related logging consider setting the 'logging.level.web' property to 'DEBUG'
2020-02-14 01:39:45,401 INFO  o.s.b.web.embedded.tomcat.TomcatWebServer(92) : Tomcat initialized with port(s): 8080 (http)
2020-02-14 01:39:45,412 INFO  org.apache.coyote.http11.Http11NioProtocol(173) : Initializing ProtocolHandler ["http-nio-8080"]
2020-02-14 01:39:45,413 INFO  org.apache.catalina.core.StandardService(173) : Starting service [Tomcat]
2020-02-14 01:39:45,413 INFO  org.apache.catalina.core.StandardEngine(173) : Starting Servlet engine: [Apache Tomcat/9.0.30]
2020-02-14 01:39:45,480 INFO  o.a.c.c.C.[Tomcat].[localhost].[/](173) : Initializing Spring embedded WebApplicationContext
2020-02-14 01:39:45,480 INFO  o.springframework.web.context.ContextLoader(284) : Root WebApplicationContext: initialization completed in 1344 ms
2020-02-14 01:39:45,616 INFO  c.a.d.s.b.a.DruidDataSourceAutoConfigure(56) : Init DruidDataSource
2020-02-14 01:39:49,144 INFO  com.alibaba.druid.pool.DruidDataSource(930) : {dataSource-1} inited
2020-02-14 01:39:49,308 INFO  o.s.s.concurrent.ThreadPoolTaskExecutor(171) : Initializing ExecutorService 'applicationTaskExecutor'
2020-02-14 01:39:49,451 INFO  o.s.b.d.a.OptionalLiveReloadServer(58) : LiveReload server is running on port 35729
2020-02-14 01:39:49,478 INFO  org.apache.coyote.http11.Http11NioProtocol(173) : Starting ProtocolHandler ["http-nio-8080"]
2020-02-14 01:39:49,518 INFO  o.s.b.web.embedded.tomcat.TomcatWebServer(204) : Tomcat started on port(s): 8080 (http) with context path ''
2020-02-14 01:39:49,522 INFO  com.primeeme.restapi.RestapiauthApplication(61) : Started RestapiauthApplication in 6.067 seconds (JVM running for 6.624)
2020-02-14 01:47:52,642 INFO  o.a.c.c.C.[Tomcat].[localhost].[/](173) : Initializing Spring DispatcherServlet 'dispatcherServlet'
2020-02-14 01:47:52,644 INFO  o.s.web.servlet.DispatcherServlet(525) : Initializing Servlet 'dispatcherServlet'
2020-02-14 01:47:52,650 INFO  o.s.web.servlet.DispatcherServlet(547) : Completed initialization in 6 ms
2020-02-14 01:48:30,667 INFO  o.s.s.concurrent.ThreadPoolTaskExecutor(208) : Shutting down ExecutorService 'applicationTaskExecutor'
2020-02-14 01:48:30,675 INFO  com.alibaba.druid.pool.DruidDataSource(1825) : {dataSource-1} closed
2020-02-14 01:48:33,332 INFO  com.primeeme.restapi.RestapiauthApplication(55) : Starting RestapiauthApplication on xkongs-iMac.local with PID 10910 (/Users/xkong/Desktop/EME_Rest_API_auth/restapi/target/classes started by xkong in /Users/xkong/Desktop/EME_Rest_API_auth)
2020-02-14 01:48:33,335 INFO  com.primeeme.restapi.RestapiauthApplication(655) : The following profiles are active: dev
2020-02-14 01:48:33,409 INFO  o.s.b.d.e.DevToolsPropertyDefaultsPostProcessor(225) : Devtools property defaults active! Set 'spring.devtools.add-properties' to 'false' to disable
2020-02-14 01:48:33,409 INFO  o.s.b.d.e.DevToolsPropertyDefaultsPostProcessor(225) : For additional web related logging consider setting the 'logging.level.web' property to 'DEBUG'
2020-02-14 01:48:34,773 INFO  o.s.b.web.embedded.tomcat.TomcatWebServer(92) : Tomcat initialized with port(s): 8080 (http)
2020-02-14 01:48:34,784 INFO  org.apache.coyote.http11.Http11NioProtocol(173) : Initializing ProtocolHandler ["http-nio-8080"]
2020-02-14 01:48:34,785 INFO  org.apache.catalina.core.StandardService(173) : Starting service [Tomcat]
2020-02-14 01:48:34,785 INFO  org.apache.catalina.core.StandardEngine(173) : Starting Servlet engine: [Apache Tomcat/9.0.30]
2020-02-14 01:48:34,854 INFO  o.a.c.c.C.[Tomcat].[localhost].[/](173) : Initializing Spring embedded WebApplicationContext
2020-02-14 01:48:34,855 INFO  o.springframework.web.context.ContextLoader(284) : Root WebApplicationContext: initialization completed in 1446 ms
2020-02-14 01:48:34,995 INFO  c.a.d.s.b.a.DruidDataSourceAutoConfigure(56) : Init DruidDataSource
2020-02-14 01:48:38,492 INFO  com.alibaba.druid.pool.DruidDataSource(930) : {dataSource-1} inited
2020-02-14 01:48:38,645 INFO  o.s.s.concurrent.ThreadPoolTaskExecutor(171) : Initializing ExecutorService 'applicationTaskExecutor'
2020-02-14 01:48:38,791 INFO  o.s.b.d.a.OptionalLiveReloadServer(58) : LiveReload server is running on port 35729
2020-02-14 01:48:38,818 INFO  org.apache.coyote.http11.Http11NioProtocol(173) : Starting ProtocolHandler ["http-nio-8080"]
2020-02-14 01:48:38,860 INFO  o.s.b.web.embedded.tomcat.TomcatWebServer(204) : Tomcat started on port(s): 8080 (http) with context path ''
2020-02-14 01:48:38,864 INFO  com.primeeme.restapi.RestapiauthApplication(61) : Started RestapiauthApplication in 6.168 seconds (JVM running for 6.705)
2020-02-14 01:49:48,947 INFO  o.a.c.c.C.[Tomcat].[localhost].[/](173) : Initializing Spring DispatcherServlet 'dispatcherServlet'
2020-02-14 01:49:48,952 INFO  o.s.web.servlet.DispatcherServlet(525) : Initializing Servlet 'dispatcherServlet'
2020-02-14 01:49:48,960 INFO  o.s.web.servlet.DispatcherServlet(547) : Completed initialization in 7 ms
2020-02-14 01:55:18,987 INFO  o.s.s.concurrent.ThreadPoolTaskExecutor(208) : Shutting down ExecutorService 'applicationTaskExecutor'
2020-02-14 01:55:19,038 INFO  com.alibaba.druid.pool.DruidDataSource(1825) : {dataSource-1} closed
2020-02-14 01:55:23,570 INFO  com.primeeme.restapi.RestapiauthApplication(55) : Starting RestapiauthApplication on xkongs-iMac.local with PID 10938 (/Users/xkong/Desktop/EME_Rest_API_auth/restapi/target/classes started by xkong in /Users/xkong/Desktop/EME_Rest_API_auth)
2020-02-14 01:55:23,573 INFO  com.primeeme.restapi.RestapiauthApplication(655) : The following profiles are active: dev
2020-02-14 01:55:23,629 INFO  o.s.b.d.e.DevToolsPropertyDefaultsPostProcessor(225) : Devtools property defaults active! Set 'spring.devtools.add-properties' to 'false' to disable
2020-02-14 01:55:23,629 INFO  o.s.b.d.e.DevToolsPropertyDefaultsPostProcessor(225) : For additional web related logging consider setting the 'logging.level.web' property to 'DEBUG'
2020-02-14 01:55:24,805 INFO  o.s.b.web.embedded.tomcat.TomcatWebServer(92) : Tomcat initialized with port(s): 8080 (http)
2020-02-14 01:55:24,816 INFO  org.apache.coyote.http11.Http11NioProtocol(173) : Initializing ProtocolHandler ["http-nio-8080"]
2020-02-14 01:55:24,816 INFO  org.apache.catalina.core.StandardService(173) : Starting service [Tomcat]
2020-02-14 01:55:24,817 INFO  org.apache.catalina.core.StandardEngine(173) : Starting Servlet engine: [Apache Tomcat/9.0.30]
2020-02-14 01:55:24,880 INFO  o.a.c.c.C.[Tomcat].[localhost].[/](173) : Initializing Spring embedded WebApplicationContext
2020-02-14 01:55:24,881 INFO  o.springframework.web.context.ContextLoader(284) : Root WebApplicationContext: initialization completed in 1252 ms
2020-02-14 01:55:25,018 INFO  c.a.d.s.b.a.DruidDataSourceAutoConfigure(56) : Init DruidDataSource
2020-02-14 01:55:28,465 INFO  com.alibaba.druid.pool.DruidDataSource(930) : {dataSource-1} inited
2020-02-14 01:55:28,617 INFO  o.s.s.concurrent.ThreadPoolTaskExecutor(171) : Initializing ExecutorService 'applicationTaskExecutor'
2020-02-14 01:55:28,768 INFO  o.s.b.d.a.OptionalLiveReloadServer(58) : LiveReload server is running on port 35729
2020-02-14 01:55:28,798 INFO  org.apache.coyote.http11.Http11NioProtocol(173) : Starting ProtocolHandler ["http-nio-8080"]
2020-02-14 01:55:28,839 INFO  o.s.b.web.embedded.tomcat.TomcatWebServer(204) : Tomcat started on port(s): 8080 (http) with context path ''
2020-02-14 01:55:28,843 INFO  com.primeeme.restapi.RestapiauthApplication(61) : Started RestapiauthApplication in 6.027 seconds (JVM running for 6.627)
2020-02-14 01:55:38,029 INFO  o.a.c.c.C.[Tomcat].[localhost].[/](173) : Initializing Spring DispatcherServlet 'dispatcherServlet'
2020-02-14 01:55:38,030 INFO  o.s.web.servlet.DispatcherServlet(525) : Initializing Servlet 'dispatcherServlet'
2020-02-14 01:55:38,038 INFO  o.s.web.servlet.DispatcherServlet(547) : Completed initialization in 7 ms
2020-02-14 02:32:40,944 INFO  o.s.s.concurrent.ThreadPoolTaskExecutor(208) : Shutting down ExecutorService 'applicationTaskExecutor'
2020-02-14 02:32:40,991 INFO  com.alibaba.druid.pool.DruidDataSource(1825) : {dataSource-1} closed
2020-02-14 02:32:44,792 INFO  com.primeeme.restapi.RestapiauthApplication(55) : Starting RestapiauthApplication on xkongs-iMac.local with PID 11033 (/Users/xkong/Desktop/EME_Rest_API_auth/restapi/target/classes started by xkong in /Users/xkong/Desktop/EME_Rest_API_auth)
2020-02-14 02:32:44,795 INFO  com.primeeme.restapi.RestapiauthApplication(655) : The following profiles are active: dev
2020-02-14 02:32:44,862 INFO  o.s.b.d.e.DevToolsPropertyDefaultsPostProcessor(225) : Devtools property defaults active! Set 'spring.devtools.add-properties' to 'false' to disable
2020-02-14 02:32:44,862 INFO  o.s.b.d.e.DevToolsPropertyDefaultsPostProcessor(225) : For additional web related logging consider setting the 'logging.level.web' property to 'DEBUG'
2020-02-14 02:32:45,940 INFO  o.s.b.web.embedded.tomcat.TomcatWebServer(92) : Tomcat initialized with port(s): 8080 (http)
2020-02-14 02:32:45,950 INFO  org.apache.coyote.http11.Http11NioProtocol(173) : Initializing ProtocolHandler ["http-nio-8080"]
2020-02-14 02:32:45,951 INFO  org.apache.catalina.core.StandardService(173) : Starting service [Tomcat]
2020-02-14 02:32:45,951 INFO  org.apache.catalina.core.StandardEngine(173) : Starting Servlet engine: [Apache Tomcat/9.0.30]
2020-02-14 02:32:46,013 INFO  o.a.c.c.C.[Tomcat].[localhost].[/](173) : Initializing Spring embedded WebApplicationContext
2020-02-14 02:32:46,013 INFO  o.springframework.web.context.ContextLoader(284) : Root WebApplicationContext: initialization completed in 1151 ms
2020-02-14 02:32:46,139 INFO  c.a.d.s.b.a.DruidDataSourceAutoConfigure(56) : Init DruidDataSource
2020-02-14 02:32:49,528 INFO  com.alibaba.druid.pool.DruidDataSource(930) : {dataSource-1} inited
2020-02-14 02:32:49,677 INFO  o.s.s.concurrent.ThreadPoolTaskExecutor(171) : Initializing ExecutorService 'applicationTaskExecutor'
2020-02-14 02:32:49,834 INFO  o.s.b.d.a.OptionalLiveReloadServer(58) : LiveReload server is running on port 35729
2020-02-14 02:32:49,862 INFO  org.apache.coyote.http11.Http11NioProtocol(173) : Starting ProtocolHandler ["http-nio-8080"]
2020-02-14 02:32:49,903 INFO  o.s.b.web.embedded.tomcat.TomcatWebServer(204) : Tomcat started on port(s): 8080 (http) with context path ''
2020-02-14 02:32:49,906 INFO  com.primeeme.restapi.RestapiauthApplication(61) : Started RestapiauthApplication in 5.751 seconds (JVM running for 6.331)
2020-02-14 02:35:32,284 INFO  o.a.c.c.C.[Tomcat].[localhost].[/](173) : Initializing Spring DispatcherServlet 'dispatcherServlet'
2020-02-14 02:35:32,285 INFO  o.s.web.servlet.DispatcherServlet(525) : Initializing Servlet 'dispatcherServlet'
2020-02-14 02:35:32,292 INFO  o.s.web.servlet.DispatcherServlet(547) : Completed initialization in 7 ms
2020-02-14 02:36:15,493 INFO  o.s.s.concurrent.ThreadPoolTaskExecutor(208) : Shutting down ExecutorService 'applicationTaskExecutor'
2020-02-14 02:36:15,502 INFO  com.alibaba.druid.pool.DruidDataSource(1825) : {dataSource-1} closed
2020-02-14 02:36:18,565 INFO  com.primeeme.restapi.RestapiauthApplication(55) : Starting RestapiauthApplication on xkongs-iMac.local with PID 11048 (/Users/xkong/Desktop/EME_Rest_API_auth/restapi/target/classes started by xkong in /Users/xkong/Desktop/EME_Rest_API_auth)
2020-02-14 02:36:18,570 INFO  com.primeeme.restapi.RestapiauthApplication(655) : The following profiles are active: dev
2020-02-14 02:36:18,626 INFO  o.s.b.d.e.DevToolsPropertyDefaultsPostProcessor(225) : Devtools property defaults active! Set 'spring.devtools.add-properties' to 'false' to disable
2020-02-14 02:36:18,626 INFO  o.s.b.d.e.DevToolsPropertyDefaultsPostProcessor(225) : For additional web related logging consider setting the 'logging.level.web' property to 'DEBUG'
2020-02-14 02:36:19,676 INFO  o.s.b.web.embedded.tomcat.TomcatWebServer(92) : Tomcat initialized with port(s): 8080 (http)
2020-02-14 02:36:19,685 INFO  org.apache.coyote.http11.Http11NioProtocol(173) : Initializing ProtocolHandler ["http-nio-8080"]
2020-02-14 02:36:19,685 INFO  org.apache.catalina.core.StandardService(173) : Starting service [Tomcat]
2020-02-14 02:36:19,686 INFO  org.apache.catalina.core.StandardEngine(173) : Starting Servlet engine: [Apache Tomcat/9.0.30]
2020-02-14 02:36:19,750 INFO  o.a.c.c.C.[Tomcat].[localhost].[/](173) : Initializing Spring embedded WebApplicationContext
2020-02-14 02:36:19,751 INFO  o.springframework.web.context.ContextLoader(284) : Root WebApplicationContext: initialization completed in 1124 ms
2020-02-14 02:36:19,876 INFO  c.a.d.s.b.a.DruidDataSourceAutoConfigure(56) : Init DruidDataSource
2020-02-14 02:36:22,282 INFO  com.alibaba.druid.pool.DruidDataSource(930) : {dataSource-1} inited
2020-02-14 02:36:22,433 INFO  o.s.s.concurrent.ThreadPoolTaskExecutor(171) : Initializing ExecutorService 'applicationTaskExecutor'
2020-02-14 02:36:22,559 INFO  o.s.b.d.a.OptionalLiveReloadServer(58) : LiveReload server is running on port 35729
2020-02-14 02:36:22,591 INFO  org.apache.coyote.http11.Http11NioProtocol(173) : Starting ProtocolHandler ["http-nio-8080"]
2020-02-14 02:36:22,635 INFO  o.s.b.web.embedded.tomcat.TomcatWebServer(204) : Tomcat started on port(s): 8080 (http) with context path ''
2020-02-14 02:36:22,639 INFO  com.primeeme.restapi.RestapiauthApplication(61) : Started RestapiauthApplication in 4.676 seconds (JVM running for 5.215)
2020-02-14 02:37:04,518 INFO  o.a.c.c.C.[Tomcat].[localhost].[/](173) : Initializing Spring DispatcherServlet 'dispatcherServlet'
2020-02-14 02:37:04,519 INFO  o.s.web.servlet.DispatcherServlet(525) : Initializing Servlet 'dispatcherServlet'
2020-02-14 02:37:04,524 INFO  o.s.web.servlet.DispatcherServlet(547) : Completed initialization in 5 ms
2020-02-14 02:38:40,395 INFO  o.s.s.concurrent.ThreadPoolTaskExecutor(208) : Shutting down ExecutorService 'applicationTaskExecutor'
2020-02-14 02:38:40,405 INFO  com.alibaba.druid.pool.DruidDataSource(1825) : {dataSource-1} closed
2020-02-14 02:38:43,663 INFO  com.primeeme.restapi.RestapiauthApplication(55) : Starting RestapiauthApplication on xkongs-iMac.local with PID 11059 (/Users/xkong/Desktop/EME_Rest_API_auth/restapi/target/classes started by xkong in /Users/xkong/Desktop/EME_Rest_API_auth)
2020-02-14 02:38:43,667 INFO  com.primeeme.restapi.RestapiauthApplication(655) : The following profiles are active: dev
2020-02-14 02:38:43,715 INFO  o.s.b.d.e.DevToolsPropertyDefaultsPostProcessor(225) : Devtools property defaults active! Set 'spring.devtools.add-properties' to 'false' to disable
2020-02-14 02:38:43,715 INFO  o.s.b.d.e.DevToolsPropertyDefaultsPostProcessor(225) : For additional web related logging consider setting the 'logging.level.web' property to 'DEBUG'
2020-02-14 02:38:44,750 INFO  o.s.b.web.embedded.tomcat.TomcatWebServer(92) : Tomcat initialized with port(s): 8080 (http)
2020-02-14 02:38:44,760 INFO  org.apache.coyote.http11.Http11NioProtocol(173) : Initializing ProtocolHandler ["http-nio-8080"]
2020-02-14 02:38:44,760 INFO  org.apache.catalina.core.StandardService(173) : Starting service [Tomcat]
2020-02-14 02:38:44,760 INFO  org.apache.catalina.core.StandardEngine(173) : Starting Servlet engine: [Apache Tomcat/9.0.30]
2020-02-14 02:38:44,815 INFO  o.a.c.c.C.[Tomcat].[localhost].[/](173) : Initializing Spring embedded WebApplicationContext
2020-02-14 02:38:44,815 INFO  o.springframework.web.context.ContextLoader(284) : Root WebApplicationContext: initialization completed in 1099 ms
2020-02-14 02:38:44,936 INFO  c.a.d.s.b.a.DruidDataSourceAutoConfigure(56) : Init DruidDataSource
2020-02-14 02:38:47,422 INFO  com.alibaba.druid.pool.DruidDataSource(930) : {dataSource-1} inited
2020-02-14 02:38:47,574 INFO  o.s.s.concurrent.ThreadPoolTaskExecutor(171) : Initializing ExecutorService 'applicationTaskExecutor'
2020-02-14 02:38:47,700 INFO  o.s.b.d.a.OptionalLiveReloadServer(58) : LiveReload server is running on port 35729
2020-02-14 02:38:47,730 INFO  org.apache.coyote.http11.Http11NioProtocol(173) : Starting ProtocolHandler ["http-nio-8080"]
2020-02-14 02:38:47,772 INFO  o.s.b.web.embedded.tomcat.TomcatWebServer(204) : Tomcat started on port(s): 8080 (http) with context path ''
2020-02-14 02:38:47,776 INFO  com.primeeme.restapi.RestapiauthApplication(61) : Started RestapiauthApplication in 4.738 seconds (JVM running for 5.408)
2020-02-14 02:39:25,461 INFO  o.a.c.c.C.[Tomcat].[localhost].[/](173) : Initializing Spring DispatcherServlet 'dispatcherServlet'
2020-02-14 02:39:25,462 INFO  o.s.web.servlet.DispatcherServlet(525) : Initializing Servlet 'dispatcherServlet'
2020-02-14 02:39:25,468 INFO  o.s.web.servlet.DispatcherServlet(547) : Completed initialization in 5 ms
