2020-02-12 00:11:25,945 INFO  c.p.restapi.RestapiauthApplicationTests(55) : Starting RestapiauthApplicationTests on xkongs-iMac.local with PID 5784 (started by xkong in /Users/xkong/Desktop/EME_Rest_API_auth/restapi)
2020-02-12 00:11:25,947 INFO  c.p.restapi.RestapiauthApplicationTests(655) : The following profiles are active: dev
2020-02-12 00:11:27,307 INFO  c.a.d.s.b.a.DruidDataSourceAutoConfigure(56) : Init DruidDataSource
2020-02-12 00:11:29,943 INFO  com.alibaba.druid.pool.DruidDataSource(930) : {dataSource-1} inited
2020-02-12 00:11:30,393 INFO  o.s.s.concurrent.ThreadPoolTaskExecutor(171) : Initializing ExecutorService 'applicationTaskExecutor'
2020-02-12 00:11:30,801 INFO  c.p.restapi.RestapiauthApplicationTests(61) : Started RestapiauthApplicationTests in 5.479 seconds (JVM running for 6.867)
2020-02-12 00:11:31,458 INFO  o.s.s.concurrent.ThreadPoolTaskExecutor(208) : Shutting down ExecutorService 'applicationTaskExecutor'
2020-02-12 00:11:31,475 INFO  com.alibaba.druid.pool.DruidDataSource(1825) : {dataSource-1} closed
2020-02-12 00:20:00,684 INFO  c.p.restapi.RestapiauthApplicationTests(55) : Starting RestapiauthApplicationTests on xkongs-iMac.local with PID 5870 (started by xkong in /Users/xkong/Desktop/EME_Rest_API_auth/restapi)
2020-02-12 00:20:00,694 INFO  c.p.restapi.RestapiauthApplicationTests(655) : The following profiles are active: dev
2020-02-12 00:20:01,784 INFO  c.a.d.s.b.a.DruidDataSourceAutoConfigure(56) : Init DruidDataSource
2020-02-12 00:20:05,445 INFO  com.alibaba.druid.pool.DruidDataSource(930) : {dataSource-1} inited
2020-02-12 00:20:05,890 INFO  o.s.s.concurrent.ThreadPoolTaskExecutor(171) : Initializing ExecutorService 'applicationTaskExecutor'
2020-02-12 00:20:06,187 INFO  c.p.restapi.RestapiauthApplicationTests(61) : Started RestapiauthApplicationTests in 6.251 seconds (JVM running for 7.417)
2020-02-12 00:20:06,786 INFO  o.s.s.concurrent.ThreadPoolTaskExecutor(208) : Shutting down ExecutorService 'applicationTaskExecutor'
2020-02-12 00:20:06,795 INFO  com.alibaba.druid.pool.DruidDataSource(1825) : {dataSource-1} closed
2020-02-12 00:30:32,789 INFO  c.p.restapi.RestapiauthApplicationTests(55) : Starting RestapiauthApplicationTests on xkongs-iMac.local with PID 5986 (started by xkong in /Users/xkong/Desktop/EME_Rest_API_auth/restapi)
2020-02-12 00:30:32,791 INFO  c.p.restapi.RestapiauthApplicationTests(655) : The following profiles are active: dev
2020-02-12 00:30:33,620 INFO  c.a.d.s.b.a.DruidDataSourceAutoConfigure(56) : Init DruidDataSource
2020-02-12 00:30:36,024 INFO  com.alibaba.druid.pool.DruidDataSource(930) : {dataSource-1} inited
2020-02-12 00:30:36,339 INFO  o.s.s.concurrent.ThreadPoolTaskExecutor(171) : Initializing ExecutorService 'applicationTaskExecutor'
2020-02-12 00:30:36,597 INFO  c.p.restapi.RestapiauthApplicationTests(61) : Started RestapiauthApplicationTests in 4.218 seconds (JVM running for 5.08)
2020-02-12 00:30:37,082 INFO  o.s.s.concurrent.ThreadPoolTaskExecutor(208) : Shutting down ExecutorService 'applicationTaskExecutor'
2020-02-12 00:30:37,090 INFO  com.alibaba.druid.pool.DruidDataSource(1825) : {dataSource-1} closed
2020-02-12 00:34:51,026 INFO  c.p.restapi.RestapiauthApplicationTests(55) : Starting RestapiauthApplicationTests on xkongs-iMac.local with PID 6074 (started by xkong in /Users/xkong/Desktop/EME_Rest_API_auth/restapi)
2020-02-12 00:34:51,027 INFO  c.p.restapi.RestapiauthApplicationTests(655) : The following profiles are active: dev
2020-02-12 00:34:51,938 INFO  c.a.d.s.b.a.DruidDataSourceAutoConfigure(56) : Init DruidDataSource
2020-02-12 00:34:54,358 INFO  com.alibaba.druid.pool.DruidDataSource(930) : {dataSource-1} inited
2020-02-12 00:34:54,689 INFO  o.s.s.concurrent.ThreadPoolTaskExecutor(171) : Initializing ExecutorService 'applicationTaskExecutor'
2020-02-12 00:34:54,968 INFO  c.p.restapi.RestapiauthApplicationTests(61) : Started RestapiauthApplicationTests in 4.422 seconds (JVM running for 5.357)
2020-02-12 00:34:55,446 INFO  o.s.s.concurrent.ThreadPoolTaskExecutor(208) : Shutting down ExecutorService 'applicationTaskExecutor'
2020-02-12 00:34:55,454 INFO  com.alibaba.druid.pool.DruidDataSource(1825) : {dataSource-1} closed
2020-02-12 00:35:07,145 INFO  c.p.restapi.RestapiauthApplicationTests(55) : Starting RestapiauthApplicationTests on xkongs-iMac.local with PID 6086 (started by xkong in /Users/xkong/Desktop/EME_Rest_API_auth/restapi)
2020-02-12 00:35:07,147 INFO  c.p.restapi.RestapiauthApplicationTests(655) : The following profiles are active: dev
2020-02-12 00:35:08,010 INFO  c.a.d.s.b.a.DruidDataSourceAutoConfigure(56) : Init DruidDataSource
2020-02-12 00:35:10,317 INFO  com.alibaba.druid.pool.DruidDataSource(930) : {dataSource-1} inited
2020-02-12 00:35:10,624 INFO  o.s.s.concurrent.ThreadPoolTaskExecutor(171) : Initializing ExecutorService 'applicationTaskExecutor'
2020-02-12 00:35:10,875 INFO  c.p.restapi.RestapiauthApplicationTests(61) : Started RestapiauthApplicationTests in 4.325 seconds (JVM running for 5.655)
2020-02-12 00:35:11,152 INFO  o.s.s.concurrent.ThreadPoolTaskExecutor(208) : Shutting down ExecutorService 'applicationTaskExecutor'
2020-02-12 00:35:11,163 INFO  com.alibaba.druid.pool.DruidDataSource(1825) : {dataSource-1} closed
2020-02-12 01:00:47,517 INFO  c.p.restapi.RestapiauthApplicationTests(55) : Starting RestapiauthApplicationTests on xkongs-iMac.local with PID 6136 (started by xkong in /Users/xkong/Desktop/EME_Rest_API_auth/restapi)
2020-02-12 01:00:47,530 INFO  c.p.restapi.RestapiauthApplicationTests(655) : The following profiles are active: dev
2020-02-12 01:00:48,806 INFO  c.a.d.s.b.a.DruidDataSourceAutoConfigure(56) : Init DruidDataSource
2020-02-12 01:00:51,715 INFO  com.alibaba.druid.pool.DruidDataSource(930) : {dataSource-1} inited
2020-02-12 01:00:52,276 INFO  o.s.s.concurrent.ThreadPoolTaskExecutor(171) : Initializing ExecutorService 'applicationTaskExecutor'
2020-02-12 01:00:52,649 INFO  c.p.restapi.RestapiauthApplicationTests(61) : Started RestapiauthApplicationTests in 5.871 seconds (JVM running for 7.392)
2020-02-12 01:00:53,320 INFO  o.s.s.concurrent.ThreadPoolTaskExecutor(208) : Shutting down ExecutorService 'applicationTaskExecutor'
2020-02-12 01:00:53,334 INFO  com.alibaba.druid.pool.DruidDataSource(1825) : {dataSource-1} closed
2020-02-12 01:07:45,814 INFO  c.p.restapi.RestapiauthApplicationTests(55) : Starting RestapiauthApplicationTests on xkongs-iMac.local with PID 6207 (started by xkong in /Users/xkong/Desktop/EME_Rest_API_auth/restapi)
2020-02-12 01:07:45,831 INFO  c.p.restapi.RestapiauthApplicationTests(655) : The following profiles are active: dev
2020-02-12 01:07:47,129 INFO  c.a.d.s.b.a.DruidDataSourceAutoConfigure(56) : Init DruidDataSource
2020-02-12 01:07:47,480 INFO  com.alibaba.druid.pool.DruidDataSource(930) : {dataSource-1} inited
2020-02-12 01:07:47,920 INFO  o.s.s.concurrent.ThreadPoolTaskExecutor(171) : Initializing ExecutorService 'applicationTaskExecutor'
2020-02-12 01:07:48,293 INFO  c.p.restapi.RestapiauthApplicationTests(61) : Started RestapiauthApplicationTests in 3.169 seconds (JVM running for 4.357)
2020-02-12 01:07:48,912 INFO  o.s.s.concurrent.ThreadPoolTaskExecutor(208) : Shutting down ExecutorService 'applicationTaskExecutor'
2020-02-12 01:07:48,914 INFO  com.alibaba.druid.pool.DruidDataSource(1825) : {dataSource-1} closed
2020-02-12 01:18:00,850 INFO  c.p.restapi.RestapiauthApplicationTests(55) : Starting RestapiauthApplicationTests on xkongs-iMac.local with PID 6398 (started by xkong in /Users/xkong/Desktop/EME_Rest_API_auth/restapi)
2020-02-12 01:18:00,856 INFO  c.p.restapi.RestapiauthApplicationTests(655) : The following profiles are active: dev
2020-02-12 01:18:01,972 INFO  c.a.d.s.b.a.DruidDataSourceAutoConfigure(56) : Init DruidDataSource
2020-02-12 01:18:04,632 INFO  com.alibaba.druid.pool.DruidDataSource(930) : {dataSource-1} inited
2020-02-12 01:18:05,076 INFO  o.s.s.concurrent.ThreadPoolTaskExecutor(171) : Initializing ExecutorService 'applicationTaskExecutor'
2020-02-12 01:18:05,419 INFO  c.p.restapi.RestapiauthApplicationTests(61) : Started RestapiauthApplicationTests in 5.202 seconds (JVM running for 6.456)
2020-02-12 01:18:06,059 INFO  o.s.s.concurrent.ThreadPoolTaskExecutor(208) : Shutting down ExecutorService 'applicationTaskExecutor'
2020-02-12 01:18:06,068 INFO  com.alibaba.druid.pool.DruidDataSource(1825) : {dataSource-1} closed
